{"meta": {"format": 3, "version": "7.13.2", "timestamp": "2026-02-28T18:35:04.991527", "branch_coverage": false, "show_contexts": false}, "files": {"rege/__init__.py": {"executed_lines": [7, 8, 10, 18, 29, 30, 31, 33], "summary": {"covered_lines": 8, "num_statements": 8, "percent_covered": 100.0, "percent_covered_display": "100", "missing_lines": 0, "excluded_lines": 0, "percent_statements_covered": 100.0, "percent_statements_covered_display": "100"}, "missing_lines": [], "excluded_lines": [], "functions": {"": {"executed_lines": [7, 8, 10, 18, 29, 30, 31, 33], "summary": {"covered_lines": 8, "num_statements": 8, "percent_covered": 100.0, "percent_covered_display": "100", "missing_lines": 0, "excluded_lines": 0, "percent_statements_covered": 100.0, "percent_statements_covered_display": "100"}, "missing_lines": [], "excluded_lines": [], "start_line": 1}}, "classes": {"": {"executed_lines": [7, 8, 10, 18, 29, 30, 31, 33], "summary": {"covered_lines": 8, "num_statements": 8, "percent_covered": 100.0, "percent_covered_display": "100", "missing_lines": 0, "excluded_lines": 0, "percent_statements_covered": 100.0, "percent_statements_covered_display": "100"}, "missing_lines": [], "excluded_lines": [], "start_line": 1}}}, "rege/bridges/__init__.py": {"executed_lines": [11, 12, 13, 15], "summary": {"covered_lines": 4, "num_statements": 4, "percent_covered": 100.0, "percent_covered_display": "100", "missing_lines": 0, "excluded_lines": 0, "percent_statements_covered": 100.0, "percent_statements_covered_display": "100"}, "missing_lines": [], "excluded_lines": [], "functions": {"": {"executed_lines": [11, 12, 13, 15], "summary": {"covered_lines": 4, "num_statements": 4, "percent_covered": 100.0, "percent_covered_display": "100", "missing_lines": 0, "excluded_lines": 0, "percent_statements_covered": 100.0, "percent_statements_covered_display": "100"}, "missing_lines": [], "excluded_lines": [], "start_line": 1}}, "classes": {"": {"executed_lines": [11, 12, 13, 15], "summary": {"covered_lines": 4, "num_statements": 4, "percent_covered": 100.0, "percent_covered_display": "100", "missing_lines": 0, "excluded_lines": 0, "percent_statements_covered": 100.0, "percent_statements_covered_display": "100"}, "missing_lines": [], "excluded_lines": [], "start_line": 1}}}, "rege/bridges/base.py": {"executed_lines": [12, 13, 14, 15, 16, 19, 22, 23, 24, 25, 26, 29, 30, 33, 34, 35, 36, 37, 38, 39, 40, 43, 55, 63, 64, 65, 66, 67, 68, 70, 71, 73, 75, 76, 78, 80, 81, 83, 85, 86, 88, 90, 91, 100, 101, 110, 111, 123, 124, 133, 140, 150, 152, 153, 155, 161, 163, 172, 174, 184, 187, 190, 192, 202, 203, 215, 217, 218, 219, 220, 221, 223, 225, 226, 229, 237, 251, 252, 253, 254, 256, 258, 260, 261, 262, 263, 265, 266, 267, 269, 271, 273, 278, 279, 280, 282, 284, 286, 291, 292, 293, 295, 296, 297, 299, 301, 303, 308, 312, 313, 314, 315, 317, 318, 320, 322, 324, 326], "summary": {"covered_lines": 118, "num_statements": 137, "percent_covered": 86.13138686131387, "percent_covered_display": "86", "missing_lines": 19, "excluded_lines": 0, "percent_statements_covered": 86.13138686131387, "percent_statements_covered_display": "86"}, "missing_lines": [98, 108, 121, 131, 156, 157, 159, 188, 274, 275, 276, 287, 288, 289, 304, 305, 306, 309, 310], "excluded_lines": [], "functions": {"ExternalBridge.__init__": {"executed_lines": [63, 64, 65, 66, 67, 68], "summary": {"covered_lines": 6, "num_statements": 6, "percent_covered": 100.0, "percent_covered_display": "100", "missing_lines": 0, "excluded_lines": 0, "percent_statements_covered": 100.0, "percent_statements_covered_display": "100"}, "missing_lines": [], "excluded_lines": [], "start_line": 55}, "ExternalBridge.name": {"executed_lines": [73], "summary": {"covered_lines": 1, "num_statements": 1, "percent_covered": 100.0, "percent_covered_display": "100", "missing_lines": 0, "excluded_lines": 0, "percent_statements_covered": 100.0, "percent_statements_covered_display": "100"}, "missing_lines": [], "excluded_lines": [], "start_line": 71}, "ExternalBridge.is_connected": {"executed_lines": [78], "summary": {"covered_lines": 1, "num_statements": 1, "percent_covered": 100.0, "percent_covered_display": "100", "missing_lines": 0, "excluded_lines": 0, "percent_statements_covered": 100.0, "percent_statements_covered_display": "100"}, "missing_lines": [], "excluded_lines": [], "start_line": 76}, "ExternalBridge.current_status": {"executed_lines": [83], "summary": {"covered_lines": 1, "num_statements": 1, "percent_covered": 100.0, "percent_covered_display": "100", "missing_lines": 0, "excluded_lines": 0, "percent_statements_covered": 100.0, "percent_statements_covered_display": "100"}, "missing_lines": [], "excluded_lines": [], "start_line": 81}, "ExternalBridge.last_error": {"executed_lines": [88], "summary": {"covered_lines": 1, "num_statements": 1, "percent_covered": 100.0, "percent_covered_display": "100", "missing_lines": 0, "excluded_lines": 0, "percent_statements_covered": 100.0, "percent_statements_covered_display": "100"}, "missing_lines": [], "excluded_lines": [], "start_line": 86}, "ExternalBridge.connect": {"executed_lines": [], "summary": {"covered_lines": 0, "num_statements": 1, "percent_covered": 0.0, "percent_covered_display": "0", "missing_lines": 1, "excluded_lines": 0, "percent_statements_covered": 0.0, "percent_statements_covered_display": "0"}, "missing_lines": [98], "excluded_lines": [], "start_line": 91}, "ExternalBridge.disconnect": {"executed_lines": [], "summary": {"covered_lines": 0, "num_statements": 1, "percent_covered": 0.0, "percent_covered_display": "0", "missing_lines": 1, "excluded_lines": 0, "percent_statements_covered": 0.0, "percent_statements_covered_display": "0"}, "missing_lines": [108], "excluded_lines": [], "start_line": 101}, "ExternalBridge.send": {"executed_lines": [], "summary": {"covered_lines": 0, "num_statements": 1, "percent_covered": 0.0, "percent_covered_display": "0", "missing_lines": 1, "excluded_lines": 0, "percent_statements_covered": 0.0, "percent_statements_covered_display": "0"}, "missing_lines": [121], "excluded_lines": [], "start_line": 111}, "ExternalBridge.receive": {"executed_lines": [], "summary": {"covered_lines": 0, "num_statements": 1, "percent_covered": 0.0, "percent_covered_display": "0", "missing_lines": 1, "excluded_lines": 0, "percent_statements_covered": 0.0, "percent_statements_covered_display": "0"}, "missing_lines": [131], "excluded_lines": [], "start_line": 124}, "ExternalBridge.status": {"executed_lines": [140], "summary": {"covered_lines": 1, "num_statements": 1, "percent_covered": 100.0, "percent_covered_display": "100", "missing_lines": 0, "excluded_lines": 0, "percent_statements_covered": 100.0, "percent_statements_covered_display": "100"}, "missing_lines": [], "excluded_lines": [], "start_line": 133}, "ExternalBridge._get_safe_config": {"executed_lines": [152, 153, 155, 161], "summary": {"covered_lines": 4, "num_statements": 7, "percent_covered": 57.142857142857146, "percent_covered_display": "57", "missing_lines": 3, "excluded_lines": 0, "percent_statements_covered": 57.142857142857146, "percent_statements_covered_display": "57"}, "missing_lines": [156, 157, 159], "excluded_lines": [], "start_line": 150}, "ExternalBridge._log_operation": {"executed_lines": [172, 174, 184, 187, 190], "summary": {"covered_lines": 5, "num_statements": 6, "percent_covered": 83.33333333333333, "percent_covered_display": "83", "missing_lines": 1, "excluded_lines": 0, "percent_statements_covered": 83.33333333333333, "percent_statements_covered_display": "83"}, "missing_lines": [188], "excluded_lines": [], "start_line": 163}, "ExternalBridge.get_operations_log": {"executed_lines": [202, 203], "summary": {"covered_lines": 2, "num_statements": 2, "percent_covered": 100.0, "percent_covered_display": "100", "missing_lines": 0, "excluded_lines": 0, "percent_statements_covered": 100.0, "percent_statements_covered_display": "100"}, "missing_lines": [], "excluded_lines": [], "start_line": 192}, "ExternalBridge._set_status": {"executed_lines": [217, 218, 219, 220, 221], "summary": {"covered_lines": 5, "num_statements": 5, "percent_covered": 100.0, "percent_covered_display": "100", "missing_lines": 0, "excluded_lines": 0, "percent_statements_covered": 100.0, "percent_statements_covered_display": "100"}, "missing_lines": [], "excluded_lines": [], "start_line": 215}, "ExternalBridge._set_error": {"executed_lines": [225, 226], "summary": {"covered_lines": 2, "num_statements": 2, "percent_covered": 100.0, "percent_covered_display": "100", "missing_lines": 0, "excluded_lines": 0, "percent_statements_covered": 100.0, "percent_statements_covered_display": "100"}, "missing_lines": [], "excluded_lines": [], "start_line": 223}, "MockBridge.__init__": {"executed_lines": [251, 252, 253, 254], "summary": {"covered_lines": 4, "num_statements": 4, "percent_covered": 100.0, "percent_covered_display": "100", "missing_lines": 0, "excluded_lines": 0, "percent_statements_covered": 100.0, "percent_statements_covered_display": "100"}, "missing_lines": [], "excluded_lines": [], "start_line": 237}, "MockBridge.connect": {"executed_lines": [258, 260, 261, 262, 263, 265, 266, 267], "summary": {"covered_lines": 8, "num_statements": 8, "percent_covered": 100.0, "percent_covered_display": "100", "missing_lines": 0, "excluded_lines": 0, "percent_statements_covered": 100.0, "percent_statements_covered_display": "100"}, "missing_lines": [], "excluded_lines": [], "start_line": 256}, "MockBridge.disconnect": {"executed_lines": [271, 273, 278, 279, 280], "summary": {"covered_lines": 5, "num_statements": 8, "percent_covered": 62.5, "percent_covered_display": "62", "missing_lines": 3, "excluded_lines": 0, "percent_statements_covered": 62.5, "percent_statements_covered_display": "62"}, "missing_lines": [274, 275, 276], "excluded_lines": [], "start_line": 269}, "MockBridge.send": {"executed_lines": [284, 286, 291, 292, 293, 295, 296, 297], "summary": {"covered_lines": 8, "num_statements": 11, "percent_covered": 72.72727272727273, "percent_covered_display": "73", "missing_lines": 3, "excluded_lines": 0, "percent_statements_covered": 72.72727272727273, "percent_statements_covered_display": "73"}, "missing_lines": [287, 288, 289], "excluded_lines": [], "start_line": 282}, "MockBridge.receive": {"executed_lines": [301, 303, 308, 312, 313, 314, 315, 317, 318], "summary": {"covered_lines": 9, "num_statements": 14, "percent_covered": 64.28571428571429, "percent_covered_display": "64", "missing_lines": 5, "excluded_lines": 0, "percent_statements_covered": 64.28571428571429, "percent_statements_covered_display": "64"}, "missing_lines": [304, 305, 306, 309, 310], "excluded_lines": [], "start_line": 299}, "MockBridge.queue_receive_data": {"executed_lines": [322], "summary": {"covered_lines": 1, "num_statements": 1, "percent_covered": 100.0, "percent_covered_display": "100", "missing_lines": 0, "excluded_lines": 0, "percent_statements_covered": 100.0, "percent_statements_covered_display": "100"}, "missing_lines": [], "excluded_lines": [], "start_line": 320}, "MockBridge.get_sent_data": {"executed_lines": [326], "summary": {"covered_lines": 1, "num_statements": 1, "percent_covered": 100.0, "percent_covered_display": "100", "missing_lines": 0, "excluded_lines": 0, "percent_statements_covered": 100.0, "percent_statements_covered_display": "100"}, "missing_lines": [], "excluded_lines": [], "start_line": 324}, "": {"executed_lines": [12, 13, 14, 15, 16, 19, 22, 23, 24, 25, 26, 29, 30, 33, 34, 35, 36, 37, 38, 39, 40, 43, 55, 70, 71, 75, 76, 80, 81, 85, 86, 90, 91, 100, 101, 110, 111, 123, 124, 133, 150, 163, 192, 215, 223, 229, 237, 256, 269, 282, 299, 320, 324], "summary": {"covered_lines": 53, "num_statements": 53, "percent_covered": 100.0, "percent_covered_display": "100", "missing_lines": 0, "excluded_lines": 0, "percent_statements_covered": 100.0, "percent_statements_covered_display": "100"}, "missing_lines": [], "excluded_lines": [], "start_line": 1}}, "classes": {"BridgeStatus": {"executed_lines": [], "summary": {"covered_lines": 0, "num_statements": 0, "percent_covered": 100.0, "percent_covered_display": "100", "missing_lines": 0, "excluded_lines": 0, "percent_statements_covered": 100.0, "percent_statements_covered_display": "100"}, "missing_lines": [], "excluded_lines": [], "start_line": 19}, "BridgeOperation": {"executed_lines": [], "summary": {"covered_lines": 0, "num_statements": 0, "percent_covered": 100.0, "percent_covered_display": "100", "missing_lines": 0, "excluded_lines": 0, "percent_statements_covered": 100.0, "percent_statements_covered_display": "100"}, "missing_lines": [], "excluded_lines": [], "start_line": 30}, "ExternalBridge": {"executed_lines": [63, 64, 65, 66, 67, 68, 73, 78, 83, 88, 140, 152, 153, 155, 161, 172, 174, 184, 187, 190, 202, 203, 217, 218, 219, 220, 221, 225, 226], "summary": {"covered_lines": 29, "num_statements": 37, "percent_covered": 78.37837837837837, "percent_covered_display": "78", "missing_lines": 8, "excluded_lines": 0, "percent_statements_covered": 78.37837837837837, "percent_statements_covered_display": "78"}, "missing_lines": [98, 108, 121, 131, 156, 157, 159, 188], "excluded_lines": [], "start_line": 43}, "MockBridge": {"executed_lines": [251, 252, 253, 254, 258, 260, 261, 262, 263, 265, 266, 267, 271, 273, 278, 279, 280, 284, 286, 291, 292, 293, 295, 296, 297, 301, 303, 308, 312, 313, 314, 315, 317, 318, 322, 326], "summary": {"covered_lines": 36, "num_statements": 47, "percent_covered": 76.59574468085107, "percent_covered_display": "77", "missing_lines": 11, "excluded_lines": 0, "percent_statements_covered": 76.59574468085107, "percent_statements_covered_display": "77"}, "missing_lines": [274, 275, 276, 287, 288, 289, 304, 305, 306, 309, 310], "excluded_lines": [], "start_line": 229}, "": {"executed_lines": [12, 13, 14, 15, 16, 19, 22, 23, 24, 25, 26, 29, 30, 33, 34, 35, 36, 37, 38, 39, 40, 43, 55, 70, 71, 75, 76, 80, 81, 85, 86, 90, 91, 100, 101, 110, 111, 123, 124, 133, 150, 163, 192, 215, 223, 229, 237, 256, 269, 282, 299, 320, 324], "summary": {"covered_lines": 53, "num_statements": 53, "percent_covered": 100.0, "percent_covered_display": "100", "missing_lines": 0, "excluded_lines": 0, "percent_statements_covered": 100.0, "percent_statements_covered_display": "100"}, "missing_lines": [], "excluded_lines": [], "start_line": 1}}}, "rege/bridges/config.py": {"executed_lines": [10, 11, 12, 13, 14, 15, 18, 19, 22, 23, 24, 25, 26, 29, 40, 42, 49, 50, 51, 52, 54, 61, 63, 64, 66, 67, 68, 69, 70, 71, 72, 78, 85, 87, 90, 100, 102, 103, 105, 109, 111, 143, 145, 147, 149, 150, 151, 159, 165, 166, 175, 185, 187, 205, 213, 220, 222, 229, 231, 238, 240, 250, 251, 252, 255, 265, 267, 268, 272, 273, 274, 275, 279, 284, 285, 286, 287, 289, 291, 298, 313, 316], "summary": {"covered_lines": 82, "num_statements": 105, "percent_covered": 78.0952380952381, "percent_covered_display": "78", "missing_lines": 23, "excluded_lines": 0, "percent_statements_covered": 78.0952380952381, "percent_statements_covered_display": "78"}, "missing_lines": [73, 74, 75, 76, 106, 107, 167, 168, 169, 170, 172, 173, 253, 269, 276, 277, 280, 281, 282, 324, 325, 326, 327], "excluded_lines": [], "functions": {"BridgeConfig.__init__": {"executed_lines": [49, 50, 51, 52], "summary": {"covered_lines": 4, "num_statements": 4, "percent_covered": 100.0, "percent_covered_display": "100", "missing_lines": 0, "excluded_lines": 0, "percent_statements_covered": 100.0, "percent_statements_covered_display": "100"}, "missing_lines": [], "excluded_lines": [], "start_line": 42}, "BridgeConfig.load": {"executed_lines": [61, 63, 64, 66, 67, 68, 69, 70, 71, 72], "summary": {"covered_lines": 10, "num_statements": 14, "percent_covered": 71.42857142857143, "percent_covered_display": "71", "missing_lines": 4, "excluded_lines": 0, "percent_statements_covered": 71.42857142857143, "percent_statements_covered_display": "71"}, "missing_lines": [73, 74, 75, 76], "excluded_lines": [], "start_line": 54}, "BridgeConfig.save": {"executed_lines": [85, 87, 90, 100, 102, 103, 105], "summary": {"covered_lines": 7, "num_statements": 9, "percent_covered": 77.77777777777777, "percent_covered_display": "78", "missing_lines": 2, "excluded_lines": 0, "percent_statements_covered": 77.77777777777777, "percent_statements_covered_display": "78"}, "missing_lines": [106, 107], "excluded_lines": [], "start_line": 78}, "BridgeConfig._create_default_config": {"executed_lines": [111, 143], "summary": {"covered_lines": 2, "num_statements": 2, "percent_covered": 100.0, "percent_covered_display": "100", "missing_lines": 0, "excluded_lines": 0, "percent_statements_covered": 100.0, "percent_statements_covered_display": "100"}, "missing_lines": [], "excluded_lines": [], "start_line": 109}, "BridgeConfig._parse_bridges": {"executed_lines": [147, 149, 150, 151], "summary": {"covered_lines": 4, "num_statements": 4, "percent_covered": 100.0, "percent_covered_display": "100", "missing_lines": 0, "excluded_lines": 0, "percent_statements_covered": 100.0, "percent_statements_covered_display": "100"}, "missing_lines": [], "excluded_lines": [], "start_line": 145}, "BridgeConfig._apply_env_overrides": {"executed_lines": [165, 166], "summary": {"covered_lines": 2, "num_statements": 8, "percent_covered": 25.0, "percent_covered_display": "25", "missing_lines": 6, "excluded_lines": 0, "percent_statements_covered": 25.0, "percent_statements_covered_display": "25"}, "missing_lines": [167, 168, 169, 170, 172, 173], "excluded_lines": [], "start_line": 159}, "BridgeConfig.get_bridge_config": {"executed_lines": [185], "summary": {"covered_lines": 1, "num_statements": 1, "percent_covered": 100.0, "percent_covered_display": "100", "missing_lines": 0, "excluded_lines": 0, "percent_statements_covered": 100.0, "percent_statements_covered_display": "100"}, "missing_lines": [], "excluded_lines": [], "start_line": 175}, "BridgeConfig.set_bridge_config": {"executed_lines": [205], "summary": {"covered_lines": 1, "num_statements": 1, "percent_covered": 100.0, "percent_covered_display": "100", "missing_lines": 0, "excluded_lines": 0, "percent_statements_covered": 100.0, "percent_statements_covered_display": "100"}, "missing_lines": [], "excluded_lines": [], "start_line": 187}, "BridgeConfig.get_enabled_bridges": {"executed_lines": [220], "summary": {"covered_lines": 1, "num_statements": 1, "percent_covered": 100.0, "percent_covered_display": "100", "missing_lines": 0, "excluded_lines": 0, "percent_statements_covered": 100.0, "percent_statements_covered_display": "100"}, "missing_lines": [], "excluded_lines": [], "start_line": 213}, "BridgeConfig.get_auto_connect_bridges": {"executed_lines": [229], "summary": {"covered_lines": 1, "num_statements": 1, "percent_covered": 100.0, "percent_covered_display": "100", "missing_lines": 0, "excluded_lines": 0, "percent_statements_covered": 100.0, "percent_statements_covered_display": "100"}, "missing_lines": [], "excluded_lines": [], "start_line": 222}, "BridgeConfig.list_bridges": {"executed_lines": [238], "summary": {"covered_lines": 1, "num_statements": 1, "percent_covered": 100.0, "percent_covered_display": "100", "missing_lines": 0, "excluded_lines": 0, "percent_statements_covered": 100.0, "percent_statements_covered_display": "100"}, "missing_lines": [], "excluded_lines": [], "start_line": 231}, "BridgeConfig.remove_bridge": {"executed_lines": [250, 251, 252], "summary": {"covered_lines": 3, "num_statements": 4, "percent_covered": 75.0, "percent_covered_display": "75", "missing_lines": 1, "excluded_lines": 0, "percent_statements_covered": 75.0, "percent_statements_covered_display": "75"}, "missing_lines": [253], "excluded_lines": [], "start_line": 240}, "BridgeConfig.validate_config": {"executed_lines": [265, 267, 268, 272, 273, 274, 275, 279, 284, 285, 286, 287, 289], "summary": {"covered_lines": 13, "num_statements": 19, "percent_covered": 68.42105263157895, "percent_covered_display": "68", "missing_lines": 6, "excluded_lines": 0, "percent_statements_covered": 68.42105263157895, "percent_statements_covered_display": "68"}, "missing_lines": [269, 276, 277, 280, 281, 282], "excluded_lines": [], "start_line": 255}, "BridgeConfig.to_dict": {"executed_lines": [298], "summary": {"covered_lines": 1, "num_statements": 1, "percent_covered": 100.0, "percent_covered_display": "100", "missing_lines": 0, "excluded_lines": 0, "percent_statements_covered": 100.0, "percent_statements_covered_display": "100"}, "missing_lines": [], "excluded_lines": [], "start_line": 291}, "get_bridge_config": {"executed_lines": [], "summary": {"covered_lines": 0, "num_statements": 4, "percent_covered": 0.0, "percent_covered_display": "0", "missing_lines": 4, "excluded_lines": 0, "percent_statements_covered": 0.0, "percent_statements_covered_display": "0"}, "missing_lines": [324, 325, 326, 327], "excluded_lines": [], "start_line": 316}, "": {"executed_lines": [10, 11, 12, 13, 14, 15, 18, 19, 22, 23, 24, 25, 26, 29, 40, 42, 54, 78, 109, 145, 159, 175, 187, 213, 222, 231, 240, 255, 291, 313, 316], "summary": {"covered_lines": 31, "num_statements": 31, "percent_covered": 100.0, "percent_covered_display": "100", "missing_lines": 0, "excluded_lines": 0, "percent_statements_covered": 100.0, "percent_statements_covered_display": "100"}, "missing_lines": [], "excluded_lines": [], "start_line": 1}}, "classes": {"BridgeConfigEntry": {"executed_lines": [], "summary": {"covered_lines": 0, "num_statements": 0, "percent_covered": 100.0, "percent_covered_display": "100", "missing_lines": 0, "excluded_lines": 0, "percent_statements_covered": 100.0, "percent_statements_covered_display": "100"}, "missing_lines": [], "excluded_lines": [], "start_line": 19}, "BridgeConfig": {"executed_lines": [49, 50, 51, 52, 61, 63, 64, 66, 67, 68, 69, 70, 71, 72, 85, 87, 90, 100, 102, 103, 105, 111, 143, 147, 149, 150, 151, 165, 166, 185, 205, 220, 229, 238, 250, 251, 252, 265, 267, 268, 272, 273, 274, 275, 279, 284, 285, 286, 287, 289, 298], "summary": {"covered_lines": 51, "num_statements": 70, "percent_covered": 72.85714285714286, "percent_covered_display": "73", "missing_lines": 19, "excluded_lines": 0, "percent_statements_covered": 72.85714285714286, "percent_statements_covered_display": "73"}, "missing_lines": [73, 74, 75, 76, 106, 107, 167, 168, 169, 170, 172, 173, 253, 269, 276, 277, 280, 281, 282], "excluded_lines": [], "start_line": 29}, "": {"executed_lines": [10, 11, 12, 13, 14, 15, 18, 19, 22, 23, 24, 25, 26, 29, 40, 42, 54, 78, 109, 145, 159, 175, 187, 213, 222, 231, 240, 255, 291, 313, 316], "summary": {"covered_lines": 31, "num_statements": 35, "percent_covered": 88.57142857142857, "percent_covered_display": "89", "missing_lines": 4, "excluded_lines": 0, "percent_statements_covered": 88.57142857142857, "percent_statements_covered_display": "89"}, "missing_lines": [324, 325, 326, 327], "excluded_lines": [], "start_line": 1}}}, "rege/bridges/git.py": {"executed_lines": [13, 14, 15, 16, 17, 18, 20, 23, 35, 46, 58, 59, 60, 62, 63, 65, 71, 74, 77, 83, 84, 85, 86, 87, 89, 90, 91, 93, 100, 128, 151, 153, 154, 155, 156, 157, 158, 159, 161, 167, 180, 193, 225, 245, 252, 285, 308, 310, 331, 333, 352, 362, 364, 365, 366, 368, 374, 378, 385, 387, 389, 390, 394, 395], "summary": {"covered_lines": 64, "num_statements": 164, "percent_covered": 39.02439024390244, "percent_covered_display": "39", "missing_lines": 100, "excluded_lines": 0, "percent_statements_covered": 39.02439024390244, "percent_statements_covered_display": "39"}, "missing_lines": [75, 78, 79, 80, 95, 96, 97, 98, 110, 112, 113, 114, 116, 118, 119, 120, 121, 123, 125, 126, 135, 137, 138, 139, 141, 148, 149, 163, 164, 165, 169, 170, 176, 177, 178, 182, 183, 189, 190, 191, 195, 196, 207, 208, 210, 211, 212, 213, 214, 215, 221, 222, 223, 227, 228, 230, 232, 238, 239, 240, 241, 242, 243, 247, 254, 255, 257, 258, 260, 261, 264, 265, 266, 267, 269, 272, 273, 274, 275, 277, 279, 287, 290, 291, 292, 293, 294, 295, 297, 298, 299, 302, 304, 305, 306, 376, 380, 381, 396, 397], "excluded_lines": [], "functions": {"GitBridge.__init__": {"executed_lines": [58, 59, 60, 62, 63], "summary": {"covered_lines": 5, "num_statements": 5, "percent_covered": 100.0, "percent_covered_display": "100", "missing_lines": 0, "excluded_lines": 0, "percent_statements_covered": 100.0, "percent_statements_covered_display": "100"}, "missing_lines": [], "excluded_lines": [], "start_line": 46}, "GitBridge.connect": {"executed_lines": [71, 74, 77, 83, 84, 85, 86, 87, 89, 90, 91], "summary": {"covered_lines": 11, "num_statements": 15, "percent_covered": 73.33333333333333, "percent_covered_display": "73", "missing_lines": 4, "excluded_lines": 0, "percent_statements_covered": 73.33333333333333, "percent_statements_covered_display": "73"}, "missing_lines": [75, 78, 79, 80], "excluded_lines": [], "start_line": 65}, "GitBridge.disconnect": {"executed_lines": [], "summary": {"covered_lines": 0, "num_statements": 4, "percent_covered": 0.0, "percent_covered_display": "0", "missing_lines": 4, "excluded_lines": 0, "percent_statements_covered": 0.0, "percent_statements_covered_display": "0"}, "missing_lines": [95, 96, 97, 98], "excluded_lines": [], "start_line": 93}, "GitBridge.send": {"executed_lines": [], "summary": {"covered_lines": 0, "num_statements": 12, "percent_covered": 0.0, "percent_covered_display": "0", "missing_lines": 12, "excluded_lines": 0, "percent_statements_covered": 0.0, "percent_statements_covered_display": "0"}, "missing_lines": [110, 112, 113, 114, 116, 118, 119, 120, 121, 123, 125, 126], "excluded_lines": [], "start_line": 100}, "GitBridge.receive": {"executed_lines": [], "summary": {"covered_lines": 0, "num_statements": 7, "percent_covered": 0.0, "percent_covered_display": "0", "missing_lines": 7, "excluded_lines": 0, "percent_statements_covered": 0.0, "percent_statements_covered_display": "0"}, "missing_lines": [135, 137, 138, 139, 141, 148, 149], "excluded_lines": [], "start_line": 128}, "GitBridge._find_git_dir": {"executed_lines": [153, 154, 155, 156, 157, 158, 159], "summary": {"covered_lines": 7, "num_statements": 7, "percent_covered": 100.0, "percent_covered_display": "100", "missing_lines": 0, "excluded_lines": 0, "percent_statements_covered": 100.0, "percent_statements_covered_display": "100"}, "missing_lines": [], "excluded_lines": [], "start_line": 151}, "GitBridge._get_repo_root": {"executed_lines": [], "summary": {"covered_lines": 0, "num_statements": 3, "percent_covered": 0.0, "percent_covered_display": "0", "missing_lines": 3, "excluded_lines": 0, "percent_statements_covered": 0.0, "percent_statements_covered_display": "0"}, "missing_lines": [163, 164, 165], "excluded_lines": [], "start_line": 161}, "GitBridge._get_current_branch": {"executed_lines": [], "summary": {"covered_lines": 0, "num_statements": 5, "percent_covered": 0.0, "percent_covered_display": "0", "missing_lines": 5, "excluded_lines": 0, "percent_statements_covered": 0.0, "percent_statements_covered_display": "0"}, "missing_lines": [169, 170, 176, 177, 178], "excluded_lines": [], "start_line": 167}, "GitBridge._has_uncommitted_changes": {"executed_lines": [], "summary": {"covered_lines": 0, "num_statements": 5, "percent_covered": 0.0, "percent_covered_display": "0", "missing_lines": 5, "excluded_lines": 0, "percent_statements_covered": 0.0, "percent_statements_covered_display": "0"}, "missing_lines": [182, 183, 189, 190, 191], "excluded_lines": [], "start_line": 180}, "GitBridge._get_recent_commits": {"executed_lines": [], "summary": {"covered_lines": 0, "num_statements": 13, "percent_covered": 0.0, "percent_covered_display": "0", "missing_lines": 13, "excluded_lines": 0, "percent_statements_covered": 0.0, "percent_statements_covered_display": "0"}, "missing_lines": [195, 196, 207, 208, 210, 211, 212, 213, 214, 215, 221, 222, 223], "excluded_lines": [], "start_line": 193}, "GitBridge._log_system_event": {"executed_lines": [], "summary": {"covered_lines": 0, "num_statements": 10, "percent_covered": 0.0, "percent_covered_display": "0", "missing_lines": 10, "excluded_lines": 0, "percent_statements_covered": 0.0, "percent_statements_covered_display": "0"}, "missing_lines": [227, 228, 230, 232, 238, 239, 240, 241, 242, 243], "excluded_lines": [], "start_line": 225}, "GitBridge._log_generic_event": {"executed_lines": [], "summary": {"covered_lines": 0, "num_statements": 1, "percent_covered": 0.0, "percent_covered_display": "0", "missing_lines": 1, "excluded_lines": 0, "percent_statements_covered": 0.0, "percent_statements_covered_display": "0"}, "missing_lines": [247], "excluded_lines": [], "start_line": 245}, "GitBridge._install_hooks": {"executed_lines": [], "summary": {"covered_lines": 0, "num_statements": 17, "percent_covered": 0.0, "percent_covered_display": "0", "missing_lines": 17, "excluded_lines": 0, "percent_statements_covered": 0.0, "percent_statements_covered_display": "0"}, "missing_lines": [254, 255, 257, 258, 260, 261, 264, 265, 266, 267, 269, 272, 273, 274, 275, 277, 279], "excluded_lines": [], "start_line": 252}, "GitBridge._install_hook": {"executed_lines": [], "summary": {"covered_lines": 0, "num_statements": 14, "percent_covered": 0.0, "percent_covered_display": "0", "missing_lines": 14, "excluded_lines": 0, "percent_statements_covered": 0.0, "percent_statements_covered_display": "0"}, "missing_lines": [287, 290, 291, 292, 293, 294, 295, 297, 298, 299, 302, 304, 305, 306], "excluded_lines": [], "start_line": 285}, "GitBridge._get_pre_commit_hook": {"executed_lines": [310], "summary": {"covered_lines": 1, "num_statements": 1, "percent_covered": 100.0, "percent_covered_display": "100", "missing_lines": 0, "excluded_lines": 0, "percent_statements_covered": 100.0, "percent_statements_covered_display": "100"}, "missing_lines": [], "excluded_lines": [], "start_line": 308}, "GitBridge._get_post_commit_hook": {"executed_lines": [333], "summary": {"covered_lines": 1, "num_statements": 1, "percent_covered": 100.0, "percent_covered_display": "100", "missing_lines": 0, "excluded_lines": 0, "percent_statements_covered": 100.0, "percent_statements_covered_display": "100"}, "missing_lines": [], "excluded_lines": [], "start_line": 331}, "GitBridge.validate_branch_name": {"executed_lines": [362, 364, 365, 366, 368], "summary": {"covered_lines": 5, "num_statements": 5, "percent_covered": 100.0, "percent_covered_display": "100", "missing_lines": 0, "excluded_lines": 0, "percent_statements_covered": 100.0, "percent_statements_covered_display": "100"}, "missing_lines": [], "excluded_lines": [], "start_line": 352}, "GitBridge.get_repo_path": {"executed_lines": [], "summary": {"covered_lines": 0, "num_statements": 1, "percent_covered": 0.0, "percent_covered_display": "0", "missing_lines": 1, "excluded_lines": 0, "percent_statements_covered": 0.0, "percent_statements_covered_display": "0"}, "missing_lines": [376], "excluded_lines": [], "start_line": 374}, "GitBridge.set_repo_path": {"executed_lines": [], "summary": {"covered_lines": 0, "num_statements": 2, "percent_covered": 0.0, "percent_covered_display": "0", "missing_lines": 2, "excluded_lines": 0, "percent_statements_covered": 0.0, "percent_statements_covered_display": "0"}, "missing_lines": [380, 381], "excluded_lines": [], "start_line": 378}, "register_git_bridge": {"executed_lines": [387, 389, 390], "summary": {"covered_lines": 3, "num_statements": 3, "percent_covered": 100.0, "percent_covered_display": "100", "missing_lines": 0, "excluded_lines": 0, "percent_statements_covered": 100.0, "percent_statements_covered_display": "100"}, "missing_lines": [], "excluded_lines": [], "start_line": 385}, "": {"executed_lines": [13, 14, 15, 16, 17, 18, 20, 23, 35, 46, 65, 93, 100, 128, 151, 161, 167, 180, 193, 225, 245, 252, 285, 308, 331, 352, 374, 378, 385, 394, 395], "summary": {"covered_lines": 31, "num_statements": 33, "percent_covered": 93.93939393939394, "percent_covered_display": "94", "missing_lines": 2, "excluded_lines": 0, "percent_statements_covered": 93.93939393939394, "percent_statements_covered_display": "94"}, "missing_lines": [396, 397], "excluded_lines": [], "start_line": 1}}, "classes": {"GitBridge": {"executed_lines": [58, 59, 60, 62, 63, 71, 74, 77, 83, 84, 85, 86, 87, 89, 90, 91, 153, 154, 155, 156, 157, 158, 159, 310, 333, 362, 364, 365, 366, 368], "summary": {"covered_lines": 30, "num_statements": 128, "percent_covered": 23.4375, "percent_covered_display": "23", "missing_lines": 98, "excluded_lines": 0, "percent_statements_covered": 23.4375, "percent_statements_covered_display": "23"}, "missing_lines": [75, 78, 79, 80, 95, 96, 97, 98, 110, 112, 113, 114, 116, 118, 119, 120, 121, 123, 125, 126, 135, 137, 138, 139, 141, 148, 149, 163, 164, 165, 169, 170, 176, 177, 178, 182, 183, 189, 190, 191, 195, 196, 207, 208, 210, 211, 212, 213, 214, 215, 221, 222, 223, 227, 228, 230, 232, 238, 239, 240, 241, 242, 243, 247, 254, 255, 257, 258, 260, 261, 264, 265, 266, 267, 269, 272, 273, 274, 275, 277, 279, 287, 290, 291, 292, 293, 294, 295, 297, 298, 299, 302, 304, 305, 306, 376, 380, 381], "excluded_lines": [], "start_line": 23}, "": {"executed_lines": [13, 14, 15, 16, 17, 18, 20, 23, 35, 46, 65, 93, 100, 128, 151, 161, 167, 180, 193, 225, 245, 252, 285, 308, 331, 352, 374, 378, 385, 387, 389, 390, 394, 395], "summary": {"covered_lines": 34, "num_statements": 36, "percent_covered": 94.44444444444444, "percent_covered_display": "94", "missing_lines": 2, "excluded_lines": 0, "percent_statements_covered": 94.44444444444444, "percent_statements_covered_display": "94"}, "missing_lines": [396, 397], "excluded_lines": [], "start_line": 1}}}, "rege/bridges/maxmsp.py": {"executed_lines": [13, 14, 16, 19, 31, 34, 44, 56, 57, 58, 59, 61, 67, 69, 71, 82, 84, 85, 86, 91, 98, 113, 123, 124, 126, 130, 132, 133, 134, 135, 136, 137, 145, 146, 151, 153, 176, 187, 195, 197, 199, 202, 210, 211, 214, 216, 218, 219, 222, 224, 227, 235, 237, 238, 241, 255, 274, 289, 291, 293, 295, 297, 299, 301, 305, 309, 318, 320, 322, 323, 327, 328], "summary": {"covered_lines": 72, "num_statements": 143, "percent_covered": 50.34965034965035, "percent_covered_display": "50", "missing_lines": 71, "excluded_lines": 0, "percent_statements_covered": 50.34965034965035, "percent_statements_covered_display": "50"}, "missing_lines": [73, 76, 78, 79, 80, 93, 94, 95, 96, 100, 102, 103, 104, 105, 106, 108, 109, 110, 111, 127, 128, 138, 139, 140, 141, 143, 160, 162, 163, 166, 173, 174, 188, 189, 190, 191, 192, 212, 220, 239, 243, 245, 251, 252, 253, 257, 258, 260, 261, 262, 263, 264, 266, 268, 276, 279, 280, 281, 282, 283, 285, 286, 287, 303, 307, 311, 312, 313, 314, 329, 330], "excluded_lines": [], "functions": {"MaxMSPBridge.__init__": {"executed_lines": [56, 57, 58, 59], "summary": {"covered_lines": 4, "num_statements": 4, "percent_covered": 100.0, "percent_covered_display": "100", "missing_lines": 0, "excluded_lines": 0, "percent_statements_covered": 100.0, "percent_statements_covered_display": "100"}, "missing_lines": [], "excluded_lines": [], "start_line": 44}, "MaxMSPBridge.connect": {"executed_lines": [67, 69, 71, 82, 84, 85, 86, 91], "summary": {"covered_lines": 8, "num_statements": 17, "percent_covered": 47.05882352941177, "percent_covered_display": "47", "missing_lines": 9, "excluded_lines": 0, "percent_statements_covered": 47.05882352941177, "percent_statements_covered_display": "47"}, "missing_lines": [73, 76, 78, 79, 80, 93, 94, 95, 96], "excluded_lines": [], "start_line": 61}, "MaxMSPBridge.disconnect": {"executed_lines": [], "summary": {"covered_lines": 0, "num_statements": 10, "percent_covered": 0.0, "percent_covered_display": "0", "missing_lines": 10, "excluded_lines": 0, "percent_statements_covered": 0.0, "percent_statements_covered_display": "0"}, "missing_lines": [100, 102, 103, 104, 105, 106, 108, 109, 110, 111], "excluded_lines": [], "start_line": 98}, "MaxMSPBridge.send": {"executed_lines": [123, 124, 126, 130, 132, 133, 134, 135, 136, 137, 145, 146, 151], "summary": {"covered_lines": 13, "num_statements": 20, "percent_covered": 65.0, "percent_covered_display": "65", "missing_lines": 7, "excluded_lines": 0, "percent_statements_covered": 65.0, "percent_statements_covered_display": "65"}, "missing_lines": [127, 128, 138, 139, 140, 141, 143], "excluded_lines": [], "start_line": 113}, "MaxMSPBridge.receive": {"executed_lines": [], "summary": {"covered_lines": 0, "num_statements": 6, "percent_covered": 0.0, "percent_covered_display": "0", "missing_lines": 6, "excluded_lines": 0, "percent_statements_covered": 0.0, "percent_statements_covered_display": "0"}, "missing_lines": [160, 162, 163, 166, 173, 174], "excluded_lines": [], "start_line": 153}, "MaxMSPBridge._send_osc": {"executed_lines": [187, 195], "summary": {"covered_lines": 2, "num_statements": 7, "percent_covered": 28.571428571428573, "percent_covered_display": "29", "missing_lines": 5, "excluded_lines": 0, "percent_statements_covered": 28.571428571428573, "percent_statements_covered_display": "29"}, "missing_lines": [188, 189, 190, 191, 192], "excluded_lines": [], "start_line": 176}, "MaxMSPBridge._send_fragment": {"executed_lines": [199, 202, 210, 211], "summary": {"covered_lines": 4, "num_statements": 5, "percent_covered": 80.0, "percent_covered_display": "80", "missing_lines": 1, "excluded_lines": 0, "percent_statements_covered": 80.0, "percent_statements_covered_display": "80"}, "missing_lines": [212], "excluded_lines": [], "start_line": 197}, "MaxMSPBridge._send_charge": {"executed_lines": [216, 218, 219], "summary": {"covered_lines": 3, "num_statements": 4, "percent_covered": 75.0, "percent_covered_display": "75", "missing_lines": 1, "excluded_lines": 0, "percent_statements_covered": 75.0, "percent_statements_covered_display": "75"}, "missing_lines": [220], "excluded_lines": [], "start_line": 214}, "MaxMSPBridge._send_bloom_phase": {"executed_lines": [224, 227, 235, 237, 238], "summary": {"covered_lines": 5, "num_statements": 6, "percent_covered": 83.33333333333333, "percent_covered_display": "83", "missing_lines": 1, "excluded_lines": 0, "percent_statements_covered": 83.33333333333333, "percent_statements_covered_display": "83"}, "missing_lines": [239], "excluded_lines": [], "start_line": 222}, "MaxMSPBridge._send_canon_event": {"executed_lines": [], "summary": {"covered_lines": 0, "num_statements": 5, "percent_covered": 0.0, "percent_covered_display": "0", "missing_lines": 5, "excluded_lines": 0, "percent_statements_covered": 0.0, "percent_statements_covered_display": "0"}, "missing_lines": [243, 245, 251, 252, 253], "excluded_lines": [], "start_line": 241}, "MaxMSPBridge._send_batch": {"executed_lines": [], "summary": {"covered_lines": 0, "num_statements": 9, "percent_covered": 0.0, "percent_covered_display": "0", "missing_lines": 9, "excluded_lines": 0, "percent_statements_covered": 0.0, "percent_statements_covered_display": "0"}, "missing_lines": [257, 258, 260, 261, 262, 263, 264, 266, 268], "excluded_lines": [], "start_line": 255}, "MaxMSPBridge._send_generic": {"executed_lines": [], "summary": {"covered_lines": 0, "num_statements": 9, "percent_covered": 0.0, "percent_covered_display": "0", "missing_lines": 9, "excluded_lines": 0, "percent_statements_covered": 0.0, "percent_statements_covered_display": "0"}, "missing_lines": [276, 279, 280, 281, 282, 283, 285, 286, 287], "excluded_lines": [], "start_line": 274}, "MaxMSPBridge.send_fragment": {"executed_lines": [291], "summary": {"covered_lines": 1, "num_statements": 1, "percent_covered": 100.0, "percent_covered_display": "100", "missing_lines": 0, "excluded_lines": 0, "percent_statements_covered": 100.0, "percent_statements_covered_display": "100"}, "missing_lines": [], "excluded_lines": [], "start_line": 289}, "MaxMSPBridge.send_charge": {"executed_lines": [295], "summary": {"covered_lines": 1, "num_statements": 1, "percent_covered": 100.0, "percent_covered_display": "100", "missing_lines": 0, "excluded_lines": 0, "percent_statements_covered": 100.0, "percent_statements_covered_display": "100"}, "missing_lines": [], "excluded_lines": [], "start_line": 293}, "MaxMSPBridge.send_bloom_phase": {"executed_lines": [299], "summary": {"covered_lines": 1, "num_statements": 1, "percent_covered": 100.0, "percent_covered_display": "100", "missing_lines": 0, "excluded_lines": 0, "percent_statements_covered": 100.0, "percent_statements_covered_display": "100"}, "missing_lines": [], "excluded_lines": [], "start_line": 297}, "MaxMSPBridge.get_host": {"executed_lines": [], "summary": {"covered_lines": 0, "num_statements": 1, "percent_covered": 0.0, "percent_covered_display": "0", "missing_lines": 1, "excluded_lines": 0, "percent_statements_covered": 0.0, "percent_statements_covered_display": "0"}, "missing_lines": [303], "excluded_lines": [], "start_line": 301}, "MaxMSPBridge.get_port": {"executed_lines": [], "summary": {"covered_lines": 0, "num_statements": 1, "percent_covered": 0.0, "percent_covered_display": "0", "missing_lines": 1, "excluded_lines": 0, "percent_statements_covered": 0.0, "percent_statements_covered_display": "0"}, "missing_lines": [307], "excluded_lines": [], "start_line": 305}, "MaxMSPBridge.set_connection": {"executed_lines": [], "summary": {"covered_lines": 0, "num_statements": 4, "percent_covered": 0.0, "percent_covered_display": "0", "missing_lines": 4, "excluded_lines": 0, "percent_statements_covered": 0.0, "percent_statements_covered_display": "0"}, "missing_lines": [311, 312, 313, 314], "excluded_lines": [], "start_line": 309}, "register_maxmsp_bridge": {"executed_lines": [320, 322, 323], "summary": {"covered_lines": 3, "num_statements": 3, "percent_covered": 100.0, "percent_covered_display": "100", "missing_lines": 0, "excluded_lines": 0, "percent_statements_covered": 100.0, "percent_statements_covered_display": "100"}, "missing_lines": [], "excluded_lines": [], "start_line": 318}, "": {"executed_lines": [13, 14, 16, 19, 31, 34, 44, 61, 98, 113, 153, 176, 197, 214, 222, 241, 255, 274, 289, 293, 297, 301, 305, 309, 318, 327, 328], "summary": {"covered_lines": 27, "num_statements": 29, "percent_covered": 93.10344827586206, "percent_covered_display": "93", "missing_lines": 2, "excluded_lines": 0, "percent_statements_covered": 93.10344827586206, "percent_statements_covered_display": "93"}, "missing_lines": [329, 330], "excluded_lines": [], "start_line": 1}}, "classes": {"MaxMSPBridge": {"executed_lines": [56, 57, 58, 59, 67, 69, 71, 82, 84, 85, 86, 91, 123, 124, 126, 130, 132, 133, 134, 135, 136, 137, 145, 146, 151, 187, 195, 199, 202, 210, 211, 216, 218, 219, 224, 227, 235, 237, 238, 291, 295, 299], "summary": {"covered_lines": 42, "num_statements": 111, "percent_covered": 37.83783783783784, "percent_covered_display": "38", "missing_lines": 69, "excluded_lines": 0, "percent_statements_covered": 37.83783783783784, "percent_statements_covered_display": "38"}, "missing_lines": [73, 76, 78, 79, 80, 93, 94, 95, 96, 100, 102, 103, 104, 105, 106, 108, 109, 110, 111, 127, 128, 138, 139, 140, 141, 143, 160, 162, 163, 166, 173, 174, 188, 189, 190, 191, 192, 212, 220, 239, 243, 245, 251, 252, 253, 257, 258, 260, 261, 262, 263, 264, 266, 268, 276, 279, 280, 281, 282, 283, 285, 286, 287, 303, 307, 311, 312, 313, 314], "excluded_lines": [], "start_line": 19}, "": {"executed_lines": [13, 14, 16, 19, 31, 34, 44, 61, 98, 113, 153, 176, 197, 214, 222, 241, 255, 274, 289, 293, 297, 301, 305, 309, 318, 320, 322, 323, 327, 328], "summary": {"covered_lines": 30, "num_statements": 32, "percent_covered": 93.75, "percent_covered_display": "94", "missing_lines": 2, "excluded_lines": 0, "percent_statements_covered": 93.75, "percent_statements_covered_display": "94"}, "missing_lines": [329, 330], "excluded_lines": [], "start_line": 1}}}, "rege/bridges/obsidian.py": {"executed_lines": [13, 14, 15, 16, 17, 19, 20, 23, 35, 44, 56, 57, 58, 59, 61, 67, 69, 70, 71, 72, 74, 75, 76, 77, 80, 81, 82, 83, 84, 87, 89, 90, 91, 93, 100, 112, 113, 115, 119, 121, 122, 136, 137, 143, 145, 178, 180, 181, 182, 184, 195, 198, 200, 201, 204, 205, 206, 209, 211, 212, 213, 214, 218, 229, 238, 239, 241, 244, 245, 248, 257, 258, 259, 261, 268, 270, 323, 338, 351, 355, 362, 364, 366, 367, 371, 372], "summary": {"covered_lines": 86, "num_statements": 158, "percent_covered": 54.43037974683544, "percent_covered_display": "54", "missing_lines": 72, "excluded_lines": 0, "percent_statements_covered": 54.43037974683544, "percent_statements_covered_display": "54"}, "missing_lines": [95, 96, 97, 98, 116, 117, 123, 125, 126, 127, 128, 134, 154, 156, 157, 158, 160, 161, 162, 163, 165, 166, 167, 168, 169, 171, 176, 196, 215, 216, 242, 262, 263, 264, 265, 266, 280, 281, 282, 283, 284, 287, 288, 289, 291, 292, 294, 295, 296, 297, 298, 301, 302, 305, 306, 307, 308, 309, 311, 313, 333, 334, 336, 345, 346, 348, 349, 353, 357, 358, 373, 374], "excluded_lines": [], "functions": {"ObsidianBridge.__init__": {"executed_lines": [56, 57, 58, 59], "summary": {"covered_lines": 4, "num_statements": 4, "percent_covered": 100.0, "percent_covered_display": "100", "missing_lines": 0, "excluded_lines": 0, "percent_statements_covered": 100.0, "percent_statements_covered_display": "100"}, "missing_lines": [], "excluded_lines": [], "start_line": 44}, "ObsidianBridge.connect": {"executed_lines": [67, 69, 70, 71, 72, 74, 75, 76, 77, 80, 81, 82, 83, 84, 87, 89, 90, 91], "summary": {"covered_lines": 18, "num_statements": 18, "percent_covered": 100.0, "percent_covered_display": "100", "missing_lines": 0, "excluded_lines": 0, "percent_statements_covered": 100.0, "percent_statements_covered_display": "100"}, "missing_lines": [], "excluded_lines": [], "start_line": 61}, "ObsidianBridge.disconnect": {"executed_lines": [], "summary": {"covered_lines": 0, "num_statements": 4, "percent_covered": 0.0, "percent_covered_display": "0", "missing_lines": 4, "excluded_lines": 0, "percent_statements_covered": 0.0, "percent_statements_covered_display": "0"}, "missing_lines": [95, 96, 97, 98], "excluded_lines": [], "start_line": 93}, "ObsidianBridge.send": {"executed_lines": [112, 113, 115, 119, 121, 122, 136, 137, 143], "summary": {"covered_lines": 9, "num_statements": 17, "percent_covered": 52.94117647058823, "percent_covered_display": "53", "missing_lines": 8, "excluded_lines": 0, "percent_statements_covered": 52.94117647058823, "percent_statements_covered_display": "53"}, "missing_lines": [116, 117, 123, 125, 126, 127, 128, 134], "excluded_lines": [], "start_line": 100}, "ObsidianBridge.receive": {"executed_lines": [], "summary": {"covered_lines": 0, "num_statements": 15, "percent_covered": 0.0, "percent_covered_display": "0", "missing_lines": 15, "excluded_lines": 0, "percent_statements_covered": 0.0, "percent_statements_covered_display": "0"}, "missing_lines": [154, 156, 157, 158, 160, 161, 162, 163, 165, 166, 167, 168, 169, 171, 176], "excluded_lines": [], "start_line": 145}, "ObsidianBridge._ensure_folder_structure": {"executed_lines": [180, 181, 182], "summary": {"covered_lines": 3, "num_statements": 3, "percent_covered": 100.0, "percent_covered_display": "100", "missing_lines": 0, "excluded_lines": 0, "percent_statements_covered": 100.0, "percent_statements_covered_display": "100"}, "missing_lines": [], "excluded_lines": [], "start_line": 178}, "ObsidianBridge._export_fragment": {"executed_lines": [195, 198, 200, 201, 204, 205, 206, 209, 211, 212, 213, 214], "summary": {"covered_lines": 12, "num_statements": 15, "percent_covered": 80.0, "percent_covered_display": "80", "missing_lines": 3, "excluded_lines": 0, "percent_statements_covered": 80.0, "percent_statements_covered_display": "80"}, "missing_lines": [196, 215, 216], "excluded_lines": [], "start_line": 184}, "ObsidianBridge._fragment_to_markdown": {"executed_lines": [229, 238, 239, 241, 244, 245, 248, 257, 258, 259, 261, 268], "summary": {"covered_lines": 12, "num_statements": 18, "percent_covered": 66.66666666666667, "percent_covered_display": "67", "missing_lines": 6, "excluded_lines": 0, "percent_statements_covered": 66.66666666666667, "percent_statements_covered_display": "67"}, "missing_lines": [242, 262, 263, 264, 265, 266], "excluded_lines": [], "start_line": 218}, "ObsidianBridge._import_fragment": {"executed_lines": [], "summary": {"covered_lines": 0, "num_statements": 24, "percent_covered": 0.0, "percent_covered_display": "0", "missing_lines": 24, "excluded_lines": 0, "percent_statements_covered": 0.0, "percent_statements_covered_display": "0"}, "missing_lines": [280, 281, 282, 283, 284, 287, 288, 289, 291, 292, 294, 295, 296, 297, 298, 301, 302, 305, 306, 307, 308, 309, 311, 313], "excluded_lines": [], "start_line": 270}, "ObsidianBridge.sync_to_vault": {"executed_lines": [], "summary": {"covered_lines": 0, "num_statements": 3, "percent_covered": 0.0, "percent_covered_display": "0", "missing_lines": 3, "excluded_lines": 0, "percent_statements_covered": 0.0, "percent_statements_covered_display": "0"}, "missing_lines": [333, 334, 336], "excluded_lines": [], "start_line": 323}, "ObsidianBridge.sync_from_vault": {"executed_lines": [], "summary": {"covered_lines": 0, "num_statements": 4, "percent_covered": 0.0, "percent_covered_display": "0", "missing_lines": 4, "excluded_lines": 0, "percent_statements_covered": 0.0, "percent_statements_covered_display": "0"}, "missing_lines": [345, 346, 348, 349], "excluded_lines": [], "start_line": 338}, "ObsidianBridge.get_vault_path": {"executed_lines": [], "summary": {"covered_lines": 0, "num_statements": 1, "percent_covered": 0.0, "percent_covered_display": "0", "missing_lines": 1, "excluded_lines": 0, "percent_statements_covered": 0.0, "percent_statements_covered_display": "0"}, "missing_lines": [353], "excluded_lines": [], "start_line": 351}, "ObsidianBridge.set_vault_path": {"executed_lines": [], "summary": {"covered_lines": 0, "num_statements": 2, "percent_covered": 0.0, "percent_covered_display": "0", "missing_lines": 2, "excluded_lines": 0, "percent_statements_covered": 0.0, "percent_statements_covered_display": "0"}, "missing_lines": [357, 358], "excluded_lines": [], "start_line": 355}, "register_obsidian_bridge": {"executed_lines": [364, 366, 367], "summary": {"covered_lines": 3, "num_statements": 3, "percent_covered": 100.0, "percent_covered_display": "100", "missing_lines": 0, "excluded_lines": 0, "percent_statements_covered": 100.0, "percent_statements_covered_display": "100"}, "missing_lines": [], "excluded_lines": [], "start_line": 362}, "": {"executed_lines": [13, 14, 15, 16, 17, 19, 20, 23, 35, 44, 61, 93, 100, 145, 178, 184, 218, 270, 323, 338, 351, 355, 362, 371, 372], "summary": {"covered_lines": 25, "num_statements": 27, "percent_covered": 92.5925925925926, "percent_covered_display": "93", "missing_lines": 2, "excluded_lines": 0, "percent_statements_covered": 92.5925925925926, "percent_statements_covered_display": "93"}, "missing_lines": [373, 374], "excluded_lines": [], "start_line": 1}}, "classes": {"ObsidianBridge": {"executed_lines": [56, 57, 58, 59, 67, 69, 70, 71, 72, 74, 75, 76, 77, 80, 81, 82, 83, 84, 87, 89, 90, 91, 112, 113, 115, 119, 121, 122, 136, 137, 143, 180, 181, 182, 195, 198, 200, 201, 204, 205, 206, 209, 211, 212, 213, 214, 229, 238, 239, 241, 244, 245, 248, 257, 258, 259, 261, 268], "summary": {"covered_lines": 58, "num_statements": 128, "percent_covered": 45.3125, "percent_covered_display": "45", "missing_lines": 70, "excluded_lines": 0, "percent_statements_covered": 45.3125, "percent_statements_covered_display": "45"}, "missing_lines": [95, 96, 97, 98, 116, 117, 123, 125, 126, 127, 128, 134, 154, 156, 157, 158, 160, 161, 162, 163, 165, 166, 167, 168, 169, 171, 176, 196, 215, 216, 242, 262, 263, 264, 265, 266, 280, 281, 282, 283, 284, 287, 288, 289, 291, 292, 294, 295, 296, 297, 298, 301, 302, 305, 306, 307, 308, 309, 311, 313, 333, 334, 336, 345, 346, 348, 349, 353, 357, 358], "excluded_lines": [], "start_line": 23}, "": {"executed_lines": [13, 14, 15, 16, 17, 19, 20, 23, 35, 44, 61, 93, 100, 145, 178, 184, 218, 270, 323, 338, 351, 355, 362, 364, 366, 367, 371, 372], "summary": {"covered_lines": 28, "num_statements": 30, "percent_covered": 93.33333333333333, "percent_covered_display": "93", "missing_lines": 2, "excluded_lines": 0, "percent_statements_covered": 93.33333333333333, "percent_statements_covered_display": "93"}, "missing_lines": [373, 374], "excluded_lines": [], "start_line": 1}}}, "rege/bridges/registry.py": {"executed_lines": [10, 11, 14, 25, 27, 28, 30, 38, 40, 57, 58, 59, 61, 62, 63, 64, 66, 76, 78, 90, 91, 92, 95, 98, 99, 101, 108, 110, 117, 119, 126, 128, 135, 136, 137, 138, 141, 143, 150, 151, 152, 153, 155, 156, 158, 165, 167, 177, 179, 185, 186, 190, 193, 201, 202, 205, 207, 210, 216, 219], "summary": {"covered_lines": 60, "num_statements": 62, "percent_covered": 96.7741935483871, "percent_covered_display": "97", "missing_lines": 2, "excluded_lines": 0, "percent_statements_covered": 96.7741935483871, "percent_statements_covered_display": "97"}, "missing_lines": [96, 140], "excluded_lines": [], "functions": {"BridgeRegistry.__init__": {"executed_lines": [27, 28], "summary": {"covered_lines": 2, "num_statements": 2, "percent_covered": 100.0, "percent_covered_display": "100", "missing_lines": 0, "excluded_lines": 0, "percent_statements_covered": 100.0, "percent_statements_covered_display": "100"}, "missing_lines": [], "excluded_lines": [], "start_line": 25}, "BridgeRegistry.register_type": {"executed_lines": [38], "summary": {"covered_lines": 1, "num_statements": 1, "percent_covered": 100.0, "percent_covered_display": "100", "missing_lines": 0, "excluded_lines": 0, "percent_statements_covered": 100.0, "percent_statements_covered_display": "100"}, "missing_lines": [], "excluded_lines": [], "start_line": 30}, "BridgeRegistry.create_bridge": {"executed_lines": [57, 58, 59, 61, 62, 63, 64], "summary": {"covered_lines": 7, "num_statements": 7, "percent_covered": 100.0, "percent_covered_display": "100", "missing_lines": 0, "excluded_lines": 0, "percent_statements_covered": 100.0, "percent_statements_covered_display": "100"}, "missing_lines": [], "excluded_lines": [], "start_line": 40}, "BridgeRegistry.get_bridge": {"executed_lines": [76], "summary": {"covered_lines": 1, "num_statements": 1, "percent_covered": 100.0, "percent_covered_display": "100", "missing_lines": 0, "excluded_lines": 0, "percent_statements_covered": 100.0, "percent_statements_covered_display": "100"}, "missing_lines": [], "excluded_lines": [], "start_line": 66}, "BridgeRegistry.remove_bridge": {"executed_lines": [90, 91, 92, 95, 98, 99], "summary": {"covered_lines": 6, "num_statements": 7, "percent_covered": 85.71428571428571, "percent_covered_display": "86", "missing_lines": 1, "excluded_lines": 0, "percent_statements_covered": 85.71428571428571, "percent_statements_covered_display": "86"}, "missing_lines": [96], "excluded_lines": [], "start_line": 78}, "BridgeRegistry.list_types": {"executed_lines": [108], "summary": {"covered_lines": 1, "num_statements": 1, "percent_covered": 100.0, "percent_covered_display": "100", "missing_lines": 0, "excluded_lines": 0, "percent_statements_covered": 100.0, "percent_statements_covered_display": "100"}, "missing_lines": [], "excluded_lines": [], "start_line": 101}, "BridgeRegistry.list_active": {"executed_lines": [117], "summary": {"covered_lines": 1, "num_statements": 1, "percent_covered": 100.0, "percent_covered_display": "100", "missing_lines": 0, "excluded_lines": 0, "percent_statements_covered": 100.0, "percent_statements_covered_display": "100"}, "missing_lines": [], "excluded_lines": [], "start_line": 110}, "BridgeRegistry.get_all_status": {"executed_lines": [126], "summary": {"covered_lines": 1, "num_statements": 1, "percent_covered": 100.0, "percent_covered_display": "100", "missing_lines": 0, "excluded_lines": 0, "percent_statements_covered": 100.0, "percent_statements_covered_display": "100"}, "missing_lines": [], "excluded_lines": [], "start_line": 119}, "BridgeRegistry.connect_all": {"executed_lines": [135, 136, 137, 138, 141], "summary": {"covered_lines": 5, "num_statements": 6, "percent_covered": 83.33333333333333, "percent_covered_display": "83", "missing_lines": 1, "excluded_lines": 0, "percent_statements_covered": 83.33333333333333, "percent_statements_covered_display": "83"}, "missing_lines": [140], "excluded_lines": [], "start_line": 128}, "BridgeRegistry.disconnect_all": {"executed_lines": [150, 151, 152, 153, 155, 156], "summary": {"covered_lines": 6, "num_statements": 6, "percent_covered": 100.0, "percent_covered_display": "100", "missing_lines": 0, "excluded_lines": 0, "percent_statements_covered": 100.0, "percent_statements_covered_display": "100"}, "missing_lines": [], "excluded_lines": [], "start_line": 143}, "BridgeRegistry.get_connected_count": {"executed_lines": [165], "summary": {"covered_lines": 1, "num_statements": 1, "percent_covered": 100.0, "percent_covered_display": "100", "missing_lines": 0, "excluded_lines": 0, "percent_statements_covered": 100.0, "percent_statements_covered_display": "100"}, "missing_lines": [], "excluded_lines": [], "start_line": 158}, "BridgeRegistry.has_type": {"executed_lines": [177], "summary": {"covered_lines": 1, "num_statements": 1, "percent_covered": 100.0, "percent_covered_display": "100", "missing_lines": 0, "excluded_lines": 0, "percent_statements_covered": 100.0, "percent_statements_covered_display": "100"}, "missing_lines": [], "excluded_lines": [], "start_line": 167}, "BridgeRegistry.clear": {"executed_lines": [185, 186], "summary": {"covered_lines": 2, "num_statements": 2, "percent_covered": 100.0, "percent_covered_display": "100", "missing_lines": 0, "excluded_lines": 0, "percent_statements_covered": 100.0, "percent_statements_covered_display": "100"}, "missing_lines": [], "excluded_lines": [], "start_line": 179}, "get_bridge_registry": {"executed_lines": [201, 202, 205, 207], "summary": {"covered_lines": 4, "num_statements": 4, "percent_covered": 100.0, "percent_covered_display": "100", "missing_lines": 0, "excluded_lines": 0, "percent_statements_covered": 100.0, "percent_statements_covered_display": "100"}, "missing_lines": [], "excluded_lines": [], "start_line": 193}, "_register_default_types": {"executed_lines": [216, 219], "summary": {"covered_lines": 2, "num_statements": 2, "percent_covered": 100.0, "percent_covered_display": "100", "missing_lines": 0, "excluded_lines": 0, "percent_statements_covered": 100.0, "percent_statements_covered_display": "100"}, "missing_lines": [], "excluded_lines": [], "start_line": 210}, "": {"executed_lines": [10, 11, 14, 25, 30, 40, 66, 78, 101, 110, 119, 128, 143, 158, 167, 179, 190, 193, 210], "summary": {"covered_lines": 19, "num_statements": 19, "percent_covered": 100.0, "percent_covered_display": "100", "missing_lines": 0, "excluded_lines": 0, "percent_statements_covered": 100.0, "percent_statements_covered_display": "100"}, "missing_lines": [], "excluded_lines": [], "start_line": 1}}, "classes": {"BridgeRegistry": {"executed_lines": [27, 28, 38, 57, 58, 59, 61, 62, 63, 64, 76, 90, 91, 92, 95, 98, 99, 108, 117, 126, 135, 136, 137, 138, 141, 150, 151, 152, 153, 155, 156, 165, 177, 185, 186], "summary": {"covered_lines": 35, "num_statements": 37, "percent_covered": 94.5945945945946, "percent_covered_display": "95", "missing_lines": 2, "excluded_lines": 0, "percent_statements_covered": 94.5945945945946, "percent_statements_covered_display": "95"}, "missing_lines": [96, 140], "excluded_lines": [], "start_line": 14}, "": {"executed_lines": [10, 11, 14, 25, 30, 40, 66, 78, 101, 110, 119, 128, 143, 158, 167, 179, 190, 193, 201, 202, 205, 207, 210, 216, 219], "summary": {"covered_lines": 25, "num_statements": 25, "percent_covered": 100.0, "percent_covered_display": "100", "missing_lines": 0, "excluded_lines": 0, "percent_statements_covered": 100.0, "percent_statements_covered_display": "100"}, "missing_lines": [], "excluded_lines": [], "start_line": 1}}}, "rege/cli.py": {"executed_lines": [18, 19, 20, 22, 23, 28, 29, 30, 31, 32, 33, 34, 35, 36, 37, 38, 39, 40, 43, 46, 49, 51, 52, 54, 57, 58, 59, 64, 67, 68, 69, 70, 71, 81, 83, 84, 85, 87, 88, 89, 91, 92, 94, 95, 97, 98, 99, 100, 101, 103, 104, 105, 106, 107, 109, 111, 112, 113, 114, 116, 117, 120, 121, 122, 124, 126, 127, 128, 129, 130, 132, 152, 153, 155, 157, 158, 159, 160, 161, 162, 163, 165, 166, 167, 168, 169, 170, 172, 173, 174, 176, 177, 178, 180, 181, 182, 185, 186, 188, 191, 192, 193, 194, 196, 197, 199, 202, 203, 204, 205, 207, 208, 209, 210, 214, 215, 216, 221, 222, 224, 225, 226, 228, 229, 230, 231, 232, 236, 237, 238, 239, 240, 242, 249, 250, 251, 252, 253, 256, 257, 259, 262, 263, 264, 266, 268, 269, 272, 279, 280, 282, 283, 284, 285, 288, 289, 290, 292, 293, 295, 296, 298, 299, 300, 310, 311, 312, 313, 315, 316, 317, 319, 322, 323, 324, 325, 326, 327, 330, 333, 335, 336, 337, 341, 342, 344, 347, 348, 349, 351, 352, 354, 355, 356, 357, 358, 361, 362, 363, 365, 366, 368, 369, 370, 371, 374, 375, 377, 378, 379, 380, 383, 392, 393, 395, 397, 398, 399, 400, 401, 402, 403, 404, 405, 406, 407, 408, 409, 410, 411, 412, 413, 414, 415, 416, 417, 418, 419, 420, 421, 422, 424, 426, 427, 429, 430, 431, 433, 434, 435, 436, 437, 438, 439, 440, 442, 443, 444, 445, 446, 447, 449, 450, 453, 454, 455, 456, 457, 458, 459, 460, 461, 462, 463, 465, 466, 479, 480, 482, 483, 484, 485, 486, 487, 489, 490, 493, 494, 495, 496, 497, 498, 501, 502, 503, 504, 510, 512, 513, 521, 522, 524, 525, 526, 527, 529, 554, 572, 574, 575, 577, 578, 580, 581, 582, 583, 584, 585, 588, 589, 590, 593, 594, 595, 598, 599, 602, 603, 605, 606, 608, 609, 611, 614, 617, 618, 619, 620, 621, 622, 623, 624, 625, 628, 648, 649, 651, 654, 655, 656, 657, 659, 660, 662, 663, 665, 667, 668, 670, 674, 675, 676, 677, 678, 679, 680, 681, 684, 685, 686, 687, 689, 690, 692, 693, 694, 695, 697, 698, 700, 701, 702, 703, 704, 705, 706, 710, 711, 712, 714, 715, 717, 718, 719, 720, 725, 726, 727, 729, 730, 732, 733, 734, 735, 740, 741, 742, 743, 745, 746, 748, 750, 753, 754, 755, 769, 770, 772, 775, 776, 777, 778, 780, 781, 783, 784, 786, 788, 789, 790, 792, 793, 794, 807, 808, 809, 810, 812, 813, 815, 816, 817, 818, 838, 839, 840, 841, 843, 844, 845, 859, 860, 861, 863, 864, 866, 868, 872, 873, 874, 887, 888, 890, 893, 894, 895, 897, 898, 900, 912, 913, 915, 916, 917, 918, 919, 920, 921, 922, 923, 926, 927, 928, 930, 949, 950, 952, 953, 954, 955, 958, 959, 960, 961, 963, 964, 966, 968, 971, 972, 973, 983, 984, 985, 987, 988, 989, 991, 992, 993, 995, 1002, 1003, 1005, 1008, 1009, 1011, 1012, 1013, 1015, 1016, 1018, 1021, 1022, 1023, 1029, 1030, 1032, 1033, 1034, 1036, 1037, 1038, 1040, 1041, 1042, 1043, 1044, 1045, 1048, 1049, 1050, 1052, 1053, 1055, 1057, 1058, 1060, 1061, 1062, 1063, 1064, 1065, 1066, 1067, 1068, 1071, 1072, 1073, 1075, 1076, 1077, 1079, 1080, 1082, 1084, 1085, 1088, 1089, 1090, 1091, 1093, 1094, 1096, 1097, 1098, 1099, 1106, 1108, 1109, 1111, 1112, 1113, 1124, 1125, 1126, 1127, 1128, 1129, 1150, 1153, 1154, 1157, 1158, 1160, 1161, 1162, 1163, 1164, 1165, 1166, 1167, 1169, 1171, 1174, 1175, 1176, 1177, 1178, 1179, 1180, 1181, 1182, 1183, 1184, 1187, 1188, 1189, 1191, 1192, 1193, 1194, 1200, 1201, 1204, 1205, 1212, 1213, 1216, 1217, 1224, 1226, 1227, 1228, 1229, 1230, 1232, 1233, 1234, 1235, 1236, 1237, 1244, 1245, 1250, 1251, 1252, 1280, 1281, 1282, 1283, 1284, 1285, 1286, 1327, 1328, 1329, 1347, 1348, 1349, 1373, 1374, 1375, 1376, 1377, 1424, 1425, 1426, 1427, 1428, 1464, 1465, 1466, 1467, 1468, 1500, 1501, 1506, 1507, 1508, 1547, 1548, 1549, 1550, 1588, 1589, 1590, 1591, 1592, 1593, 1594, 1655, 1656, 1657, 1658, 1659, 1683, 1684, 1685, 1686, 1706], "summary": {"covered_lines": 701, "num_statements": 1111, "percent_covered": 63.0963096309631, "percent_covered_display": "63", "missing_lines": 410, "excluded_lines": 2, "percent_statements_covered": 63.0963096309631, "percent_statements_covered_display": "63"}, "missing_lines": [24, 25, 26, 212, 233, 302, 303, 304, 305, 306, 307, 338, 451, 452, 467, 468, 469, 470, 471, 472, 473, 474, 476, 477, 491, 492, 499, 500, 506, 508, 509, 514, 515, 516, 517, 518, 519, 530, 531, 532, 533, 534, 535, 536, 538, 539, 540, 541, 542, 543, 544, 545, 546, 547, 548, 549, 550, 551, 552, 555, 556, 557, 558, 559, 560, 565, 566, 567, 568, 569, 570, 627, 629, 630, 633, 634, 636, 637, 638, 639, 640, 641, 671, 672, 707, 722, 737, 751, 757, 758, 759, 760, 761, 762, 796, 797, 798, 799, 800, 801, 802, 803, 804, 820, 821, 822, 824, 825, 826, 827, 828, 829, 830, 831, 832, 833, 834, 835, 847, 848, 850, 851, 852, 853, 854, 856, 869, 870, 876, 877, 878, 879, 880, 969, 975, 976, 977, 978, 979, 980, 1100, 1115, 1116, 1117, 1172, 1203, 1214, 1247, 1254, 1256, 1257, 1258, 1260, 1261, 1266, 1267, 1268, 1270, 1271, 1272, 1273, 1274, 1275, 1277, 1289, 1291, 1293, 1294, 1295, 1296, 1299, 1300, 1301, 1302, 1303, 1304, 1305, 1306, 1307, 1308, 1311, 1312, 1314, 1315, 1316, 1317, 1318, 1319, 1320, 1322, 1324, 1331, 1333, 1334, 1336, 1337, 1338, 1340, 1341, 1342, 1344, 1351, 1353, 1354, 1356, 1357, 1359, 1360, 1361, 1363, 1364, 1365, 1366, 1367, 1368, 1369, 1370, 1379, 1381, 1382, 1384, 1386, 1387, 1388, 1390, 1391, 1392, 1393, 1395, 1396, 1397, 1399, 1400, 1401, 1403, 1404, 1412, 1413, 1414, 1415, 1416, 1417, 1430, 1432, 1433, 1435, 1436, 1437, 1438, 1440, 1441, 1442, 1444, 1446, 1447, 1449, 1450, 1452, 1453, 1455, 1456, 1457, 1458, 1459, 1461, 1470, 1472, 1473, 1475, 1476, 1477, 1479, 1480, 1481, 1483, 1485, 1486, 1487, 1488, 1489, 1490, 1491, 1493, 1503, 1510, 1511, 1514, 1515, 1516, 1518, 1520, 1521, 1522, 1523, 1524, 1525, 1531, 1533, 1534, 1535, 1537, 1538, 1539, 1540, 1541, 1542, 1543, 1544, 1552, 1553, 1555, 1556, 1557, 1559, 1560, 1561, 1562, 1564, 1565, 1567, 1568, 1569, 1570, 1571, 1572, 1574, 1575, 1576, 1577, 1578, 1579, 1581, 1582, 1583, 1584, 1585, 1596, 1597, 1599, 1600, 1601, 1604, 1605, 1606, 1607, 1608, 1609, 1610, 1612, 1614, 1615, 1616, 1617, 1619, 1620, 1621, 1622, 1623, 1624, 1625, 1626, 1627, 1629, 1630, 1632, 1633, 1635, 1636, 1637, 1638, 1640, 1641, 1642, 1643, 1645, 1646, 1648, 1649, 1651, 1652, 1661, 1663, 1664, 1666, 1667, 1669, 1670, 1671, 1673, 1674, 1675, 1676, 1677, 1678, 1679, 1680, 1688, 1690, 1691, 1693, 1694, 1696, 1697, 1698, 1699, 1700, 1701, 1702, 1703, 1708], "excluded_lines": [1711, 1712], "functions": {"init_system": {"executed_lines": [46, 49, 51, 52, 54], "summary": {"covered_lines": 5, "num_statements": 5, "percent_covered": 100.0, "percent_covered_display": "100", "missing_lines": 0, "excluded_lines": 0, "percent_statements_covered": 100.0, "percent_statements_covered_display": "100"}, "missing_lines": [], "excluded_lines": [], "start_line": 43}, "cli": {"executed_lines": [64], "summary": {"covered_lines": 1, "num_statements": 1, "percent_covered": 100.0, "percent_covered_display": "100", "missing_lines": 0, "excluded_lines": 0, "percent_statements_covered": 100.0, "percent_statements_covered_display": "100"}, "missing_lines": [], "excluded_lines": [], "start_line": 59}, "invoke": {"executed_lines": [81, 83, 84, 85, 87, 88, 89, 91, 92, 94, 95, 97, 98, 99, 100, 101, 103, 104, 105, 106, 107, 109, 111, 112, 113, 114, 116, 117], "summary": {"covered_lines": 28, "num_statements": 28, "percent_covered": 100.0, "percent_covered_display": "100", "missing_lines": 0, "excluded_lines": 0, "percent_statements_covered": 100.0, "percent_statements_covered_display": "100"}, "missing_lines": [], "excluded_lines": [], "start_line": 71}, "status": {"executed_lines": [124, 126, 127, 128, 129, 130, 132, 152, 153, 155, 157, 158, 159, 160, 161, 162, 163, 165, 166, 167, 168, 169, 170, 172, 173, 174, 176, 177, 178, 180, 181, 182], "summary": {"covered_lines": 32, "num_statements": 32, "percent_covered": 100.0, "percent_covered_display": "100", "missing_lines": 0, "excluded_lines": 0, "percent_statements_covered": 100.0, "percent_statements_covered_display": "100"}, "missing_lines": [], "excluded_lines": [], "start_line": 122}, "fragments": {"executed_lines": [188], "summary": {"covered_lines": 1, "num_statements": 1, "percent_covered": 100.0, "percent_covered_display": "100", "missing_lines": 0, "excluded_lines": 0, "percent_statements_covered": 100.0, "percent_statements_covered_display": "100"}, "missing_lines": [], "excluded_lines": [], "start_line": 186}, "list_fragments": {"executed_lines": [196, 197, 199, 202, 203, 204, 205, 207, 208, 209, 210, 214, 215, 216, 221, 222, 224, 225, 226, 228, 229, 230, 231, 232], "summary": {"covered_lines": 24, "num_statements": 26, "percent_covered": 92.3076923076923, "percent_covered_display": "92", "missing_lines": 2, "excluded_lines": 0, "percent_statements_covered": 92.3076923076923, "percent_statements_covered_display": "92"}, "missing_lines": [212, 233], "excluded_lines": [], "start_line": 194}, "create_fragment": {"executed_lines": [242, 249, 250, 251, 252, 253], "summary": {"covered_lines": 6, "num_statements": 6, "percent_covered": 100.0, "percent_covered_display": "100", "missing_lines": 0, "excluded_lines": 0, "percent_statements_covered": 100.0, "percent_statements_covered_display": "100"}, "missing_lines": [], "excluded_lines": [], "start_line": 240}, "checkpoint": {"executed_lines": [259], "summary": {"covered_lines": 1, "num_statements": 1, "percent_covered": 100.0, "percent_covered_display": "100", "missing_lines": 0, "excluded_lines": 0, "percent_statements_covered": 100.0, "percent_statements_covered_display": "100"}, "missing_lines": [], "excluded_lines": [], "start_line": 257}, "create_checkpoint": {"executed_lines": [266, 268, 269, 272, 279, 280, 282, 283, 284, 285], "summary": {"covered_lines": 10, "num_statements": 10, "percent_covered": 100.0, "percent_covered_display": "100", "missing_lines": 0, "excluded_lines": 0, "percent_statements_covered": 100.0, "percent_statements_covered_display": "100"}, "missing_lines": [], "excluded_lines": [], "start_line": 264}, "list_checkpoints": {"executed_lines": [292, 293, 295, 296, 298, 299, 300], "summary": {"covered_lines": 7, "num_statements": 13, "percent_covered": 53.84615384615385, "percent_covered_display": "54", "missing_lines": 6, "excluded_lines": 0, "percent_statements_covered": 53.84615384615385, "percent_statements_covered_display": "54"}, "missing_lines": [302, 303, 304, 305, 306, 307], "excluded_lines": [], "start_line": 290}, "restore_checkpoint": {"executed_lines": [315, 316, 317, 319, 322, 323, 324, 325, 326, 327, 330, 333, 335, 336, 337], "summary": {"covered_lines": 15, "num_statements": 16, "percent_covered": 93.75, "percent_covered_display": "94", "missing_lines": 1, "excluded_lines": 0, "percent_statements_covered": 93.75, "percent_statements_covered_display": "94"}, "missing_lines": [338], "excluded_lines": [], "start_line": 313}, "recover": {"executed_lines": [344], "summary": {"covered_lines": 1, "num_statements": 1, "percent_covered": 100.0, "percent_covered_display": "100", "missing_lines": 0, "excluded_lines": 0, "percent_statements_covered": 100.0, "percent_statements_covered_display": "100"}, "missing_lines": [], "excluded_lines": [], "start_line": 342}, "emergency_stop": {"executed_lines": [351, 352, 354, 355, 356, 357, 358], "summary": {"covered_lines": 7, "num_statements": 7, "percent_covered": 100.0, "percent_covered_display": "100", "missing_lines": 0, "excluded_lines": 0, "percent_statements_covered": 100.0, "percent_statements_covered_display": "100"}, "missing_lines": [], "excluded_lines": [], "start_line": 349}, "resume_system": {"executed_lines": [365, 366, 368, 369, 370, 371], "summary": {"covered_lines": 6, "num_statements": 6, "percent_covered": 100.0, "percent_covered_display": "100", "missing_lines": 0, "excluded_lines": 0, "percent_statements_covered": 100.0, "percent_statements_covered_display": "100"}, "missing_lines": [], "excluded_lines": [], "start_line": 363}, "repl": {"executed_lines": [377, 378, 379, 380, 383, 392, 393, 395, 424, 574, 575, 577, 578, 580, 581, 582, 583, 584, 585, 588, 589, 590, 593, 594, 595, 598, 599, 602, 603, 605, 606, 608, 609, 611, 614, 617, 618, 619, 620, 621, 622, 623, 624, 625, 628], "summary": {"covered_lines": 45, "num_statements": 56, "percent_covered": 80.35714285714286, "percent_covered_display": "80", "missing_lines": 11, "excluded_lines": 0, "percent_statements_covered": 80.35714285714286, "percent_statements_covered_display": "80"}, "missing_lines": [627, 629, 630, 633, 634, 636, 637, 638, 639, 640, 641], "excluded_lines": [], "start_line": 375}, "repl.show_help": {"executed_lines": [397, 398, 399, 400, 401, 402, 403, 404, 405, 406, 407, 408, 409, 410, 411, 412, 413, 414, 415, 416, 417, 418, 419, 420, 421, 422], "summary": {"covered_lines": 26, "num_statements": 26, "percent_covered": 100.0, "percent_covered_display": "100", "missing_lines": 0, "excluded_lines": 0, "percent_statements_covered": 100.0, "percent_statements_covered_display": "100"}, "missing_lines": [], "excluded_lines": [], "start_line": 395}, "repl.handle_command": {"executed_lines": [426, 427, 429, 430, 431, 433, 434, 435, 436, 437, 438, 439, 440, 442, 443, 444, 445, 446, 447, 449, 450, 453, 454, 455, 456, 457, 458, 459, 460, 461, 462, 463, 465, 466, 479, 480, 482, 483, 484, 485, 486, 487, 489, 490, 493, 494, 495, 496, 497, 498, 501, 502, 503, 504, 510, 512, 513, 521, 522, 524, 525, 526, 527, 529, 554, 572], "summary": {"covered_lines": 66, "num_statements": 125, "percent_covered": 52.8, "percent_covered_display": "53", "missing_lines": 59, "excluded_lines": 0, "percent_statements_covered": 52.8, "percent_statements_covered_display": "53"}, "missing_lines": [451, 452, 467, 468, 469, 470, 471, 472, 473, 474, 476, 477, 491, 492, 499, 500, 506, 508, 509, 514, 515, 516, 517, 518, 519, 530, 531, 532, 533, 534, 535, 536, 538, 539, 540, 541, 542, 543, 544, 545, 546, 547, 548, 549, 550, 551, 552, 555, 556, 557, 558, 559, 560, 565, 566, 567, 568, 569, 570], "excluded_lines": [], "start_line": 424}, "laws": {"executed_lines": [651], "summary": {"covered_lines": 1, "num_statements": 1, "percent_covered": 100.0, "percent_covered_display": "100", "missing_lines": 0, "excluded_lines": 0, "percent_statements_covered": 100.0, "percent_statements_covered_display": "100"}, "missing_lines": [], "excluded_lines": [], "start_line": 649}, "list_laws": {"executed_lines": [659, 660, 662, 663, 665, 667, 668, 670, 674, 675, 676, 677, 678, 679, 680, 681], "summary": {"covered_lines": 16, "num_statements": 18, "percent_covered": 88.88888888888889, "percent_covered_display": "89", "missing_lines": 2, "excluded_lines": 0, "percent_statements_covered": 88.88888888888889, "percent_statements_covered_display": "89"}, "missing_lines": [671, 672], "excluded_lines": [], "start_line": 657}, "show_law": {"executed_lines": [689, 690, 692, 693, 694, 695, 697, 698, 700, 701, 702, 703, 704, 705, 706], "summary": {"covered_lines": 15, "num_statements": 16, "percent_covered": 93.75, "percent_covered_display": "94", "missing_lines": 1, "excluded_lines": 0, "percent_statements_covered": 93.75, "percent_statements_covered_display": "94"}, "missing_lines": [707], "excluded_lines": [], "start_line": 687}, "activate_law": {"executed_lines": [714, 715, 717, 718, 719, 720], "summary": {"covered_lines": 6, "num_statements": 7, "percent_covered": 85.71428571428571, "percent_covered_display": "86", "missing_lines": 1, "excluded_lines": 0, "percent_statements_covered": 85.71428571428571, "percent_statements_covered_display": "86"}, "missing_lines": [722], "excluded_lines": [], "start_line": 712}, "deactivate_law": {"executed_lines": [729, 730, 732, 733, 734, 735], "summary": {"covered_lines": 6, "num_statements": 7, "percent_covered": 85.71428571428571, "percent_covered_display": "86", "missing_lines": 1, "excluded_lines": 0, "percent_statements_covered": 85.71428571428571, "percent_statements_covered_display": "86"}, "missing_lines": [737], "excluded_lines": [], "start_line": 727}, "list_violations": {"executed_lines": [745, 746, 748, 750, 753, 754, 755], "summary": {"covered_lines": 7, "num_statements": 14, "percent_covered": 50.0, "percent_covered_display": "50", "missing_lines": 7, "excluded_lines": 0, "percent_statements_covered": 50.0, "percent_statements_covered_display": "50"}, "missing_lines": [751, 757, 758, 759, 760, 761, 762], "excluded_lines": [], "start_line": 743}, "fusion": {"executed_lines": [772], "summary": {"covered_lines": 1, "num_statements": 1, "percent_covered": 100.0, "percent_covered_display": "100", "missing_lines": 0, "excluded_lines": 0, "percent_statements_covered": 100.0, "percent_statements_covered_display": "100"}, "missing_lines": [], "excluded_lines": [], "start_line": 770}, "list_fusions": {"executed_lines": [780, 781, 783, 784, 786, 788, 789, 790, 792, 793, 794], "summary": {"covered_lines": 11, "num_statements": 20, "percent_covered": 55.0, "percent_covered_display": "55", "missing_lines": 9, "excluded_lines": 0, "percent_statements_covered": 55.0, "percent_statements_covered_display": "55"}, "missing_lines": [796, 797, 798, 799, 800, 801, 802, 803, 804], "excluded_lines": [], "start_line": 778}, "show_fusion": {"executed_lines": [812, 813, 815, 816, 817, 818], "summary": {"covered_lines": 6, "num_statements": 21, "percent_covered": 28.571428571428573, "percent_covered_display": "29", "missing_lines": 15, "excluded_lines": 0, "percent_statements_covered": 28.571428571428573, "percent_statements_covered_display": "29"}, "missing_lines": [820, 821, 822, 824, 825, 826, 827, 828, 829, 830, 831, 832, 833, 834, 835], "excluded_lines": [], "start_line": 810}, "rollback_fusion": {"executed_lines": [843, 844, 845], "summary": {"covered_lines": 3, "num_statements": 11, "percent_covered": 27.272727272727273, "percent_covered_display": "27", "missing_lines": 8, "excluded_lines": 0, "percent_statements_covered": 27.272727272727273, "percent_statements_covered_display": "27"}, "missing_lines": [847, 848, 850, 851, 852, 853, 854, 856], "excluded_lines": [], "start_line": 841}, "list_eligible": {"executed_lines": [863, 864, 866, 868, 872, 873, 874], "summary": {"covered_lines": 7, "num_statements": 14, "percent_covered": 50.0, "percent_covered_display": "50", "missing_lines": 7, "excluded_lines": 0, "percent_statements_covered": 50.0, "percent_statements_covered_display": "50"}, "missing_lines": [869, 870, 876, 877, 878, 879, 880], "excluded_lines": [], "start_line": 861}, "depth": {"executed_lines": [890], "summary": {"covered_lines": 1, "num_statements": 1, "percent_covered": 100.0, "percent_covered_display": "100", "missing_lines": 0, "excluded_lines": 0, "percent_statements_covered": 100.0, "percent_statements_covered_display": "100"}, "missing_lines": [], "excluded_lines": [], "start_line": 888}, "depth_status": {"executed_lines": [897, 898, 900, 912, 913, 915, 916, 917, 918, 919, 920, 921, 922, 923], "summary": {"covered_lines": 14, "num_statements": 14, "percent_covered": 100.0, "percent_covered_display": "100", "missing_lines": 0, "excluded_lines": 0, "percent_statements_covered": 100.0, "percent_statements_covered_display": "100"}, "missing_lines": [], "excluded_lines": [], "start_line": 895}, "depth_limits": {"executed_lines": [930, 949, 950, 952, 953, 954, 955], "summary": {"covered_lines": 7, "num_statements": 7, "percent_covered": 100.0, "percent_covered_display": "100", "missing_lines": 0, "excluded_lines": 0, "percent_statements_covered": 100.0, "percent_statements_covered_display": "100"}, "missing_lines": [], "excluded_lines": [], "start_line": 928}, "depth_log": {"executed_lines": [963, 964, 966, 968, 971, 972, 973], "summary": {"covered_lines": 7, "num_statements": 14, "percent_covered": 50.0, "percent_covered_display": "50", "missing_lines": 7, "excluded_lines": 0, "percent_statements_covered": 50.0, "percent_statements_covered_display": "50"}, "missing_lines": [969, 975, 976, 977, 978, 979, 980], "excluded_lines": [], "start_line": 961}, "clear_depth_log": {"executed_lines": [987, 988, 989, 991, 992, 993, 995], "summary": {"covered_lines": 7, "num_statements": 7, "percent_covered": 100.0, "percent_covered_display": "100", "missing_lines": 0, "excluded_lines": 0, "percent_statements_covered": 100.0, "percent_statements_covered_display": "100"}, "missing_lines": [], "excluded_lines": [], "start_line": 985}, "queue": {"executed_lines": [1005], "summary": {"
[...]
rcent_covered_display": "100", "missing_lines": 0, "excluded_lines": 0, "percent_statements_covered": 100.0, "percent_statements_covered_display": "100"}, "missing_lines": [], "excluded_lines": [], "start_line": 39}, "Dispatcher.register_handler": {"executed_lines": [71], "summary": {"covered_lines": 1, "num_statements": 1, "percent_covered": 100.0, "percent_covered_display": "100", "missing_lines": 0, "excluded_lines": 0, "percent_statements_covered": 100.0, "percent_statements_covered_display": "100"}, "missing_lines": [], "excluded_lines": [], "start_line": 63}, "Dispatcher.dispatch": {"executed_lines": [86, 89, 90, 91, 94, 97, 98, 101, 102, 109, 110, 112], "summary": {"covered_lines": 12, "num_statements": 14, "percent_covered": 85.71428571428571, "percent_covered_display": "86", "missing_lines": 2, "excluded_lines": 0, "percent_statements_covered": 85.71428571428571, "percent_statements_covered_display": "86"}, "missing_lines": [103, 104], "excluded_lines": [], "start_line": 73}, "Dispatcher.dispatch_chain": {"executed_lines": [124, 125, 127, 128, 130, 133, 134, 137, 138, 139, 141, 142, 143, 145], "summary": {"covered_lines": 14, "num_statements": 14, "percent_covered": 100.0, "percent_covered_display": "100", "missing_lines": 0, "excluded_lines": 0, "percent_statements_covered": 100.0, "percent_statements_covered_display": "100"}, "missing_lines": [], "excluded_lines": [], "start_line": 114}, "Dispatcher.process_queue": {"executed_lines": [157, 159, 160, 161, 162, 165, 167, 168, 169, 170, 175], "summary": {"covered_lines": 11, "num_statements": 14, "percent_covered": 78.57142857142857, "percent_covered_display": "79", "missing_lines": 3, "excluded_lines": 0, "percent_statements_covered": 78.57142857142857, "percent_statements_covered_display": "79"}, "missing_lines": [171, 172, 173], "excluded_lines": [], "start_line": 147}, "Dispatcher._create_patch": {"executed_lines": [179], "summary": {"covered_lines": 1, "num_statements": 1, "percent_covered": 100.0, "percent_covered_display": "100", "missing_lines": 0, "excluded_lines": 0, "percent_statements_covered": 100.0, "percent_statements_covered_display": "100"}, "missing_lines": [], "excluded_lines": [], "start_line": 177}, "Dispatcher._patch_to_invocation": {"executed_lines": [194, 195, 197, 199, 200, 202, 204], "summary": {"covered_lines": 7, "num_statements": 8, "percent_covered": 87.5, "percent_covered_display": "88", "missing_lines": 1, "excluded_lines": 0, "percent_statements_covered": 87.5, "percent_statements_covered_display": "88"}, "missing_lines": [198], "excluded_lines": [], "start_line": 192}, "Dispatcher._execute": {"executed_lines": [226, 227, 230, 231, 235, 238, 240, 241, 242, 243, 244, 245, 246, 247, 248, 251, 252, 253, 256, 258, 260], "summary": {"covered_lines": 21, "num_statements": 22, "percent_covered": 95.45454545454545, "percent_covered_display": "95", "missing_lines": 1, "excluded_lines": 0, "percent_statements_covered": 95.45454545454545, "percent_statements_covered_display": "95"}, "missing_lines": [232], "excluded_lines": [], "start_line": 215}, "Dispatcher._default_handler": {"executed_lines": [272], "summary": {"covered_lines": 1, "num_statements": 1, "percent_covered": 100.0, "percent_covered_display": "100", "missing_lines": 0, "excluded_lines": 0, "percent_statements_covered": 100.0, "percent_statements_covered_display": "100"}, "missing_lines": [], "excluded_lines": [], "start_line": 270}, "Dispatcher._handle_depth_limit": {"executed_lines": [292, 294, 295, 296, 297, 302, 303, 304, 309, 310, 311, 318], "summary": {"covered_lines": 12, "num_statements": 13, "percent_covered": 92.3076923076923, "percent_covered_display": "92", "missing_lines": 1, "excluded_lines": 0, "percent_statements_covered": 92.3076923076923, "percent_statements_covered_display": "92"}, "missing_lines": [316], "excluded_lines": [], "start_line": 284}, "Dispatcher._create_error_result": {"executed_lines": [336, 338], "summary": {"covered_lines": 2, "num_statements": 2, "percent_covered": 100.0, "percent_covered_display": "100", "missing_lines": 0, "excluded_lines": 0, "percent_statements_covered": 100.0, "percent_statements_covered_display": "100"}, "missing_lines": [], "excluded_lines": [], "start_line": 329}, "Dispatcher.get_queue_status": {"executed_lines": [350], "summary": {"covered_lines": 1, "num_statements": 1, "percent_covered": 100.0, "percent_covered_display": "100", "missing_lines": 0, "excluded_lines": 0, "percent_statements_covered": 100.0, "percent_statements_covered_display": "100"}, "missing_lines": [], "excluded_lines": [], "start_line": 348}, "Dispatcher.get_execution_log": {"executed_lines": [354], "summary": {"covered_lines": 1, "num_statements": 1, "percent_covered": 100.0, "percent_covered_display": "100", "missing_lines": 0, "excluded_lines": 0, "percent_statements_covered": 100.0, "percent_statements_covered_display": "100"}, "missing_lines": [], "excluded_lines": [], "start_line": 352}, "Dispatcher.get_handler_names": {"executed_lines": [358], "summary": {"covered_lines": 1, "num_statements": 1, "percent_covered": 100.0, "percent_covered_display": "100", "missing_lines": 0, "excluded_lines": 0, "percent_statements_covered": 100.0, "percent_statements_covered_display": "100"}, "missing_lines": [], "excluded_lines": [], "start_line": 356}, "get_dispatcher": {"executed_lines": [368, 369, 370], "summary": {"covered_lines": 3, "num_statements": 3, "percent_covered": 100.0, "percent_covered_display": "100", "missing_lines": 0, "excluded_lines": 0, "percent_statements_covered": 100.0, "percent_statements_covered_display": "100"}, "missing_lines": [], "excluded_lines": [], "start_line": 365}, "invoke": {"executed_lines": [383], "summary": {"covered_lines": 1, "num_statements": 1, "percent_covered": 100.0, "percent_covered_display": "100", "missing_lines": 0, "excluded_lines": 0, "percent_statements_covered": 100.0, "percent_statements_covered_display": "100"}, "missing_lines": [], "excluded_lines": [], "start_line": 373}, "": {"executed_lines": [12, 13, 14, 16, 17, 18, 25, 26, 27, 28, 31, 39, 63, 73, 114, 147, 177, 192, 215, 270, 284, 329, 348, 352, 356, 362, 365, 373], "summary": {"covered_lines": 28, "num_statements": 28, "percent_covered": 100.0, "percent_covered_display": "100", "missing_lines": 0, "excluded_lines": 0, "percent_statements_covered": 100.0, "percent_statements_covered_display": "100"}, "missing_lines": [], "excluded_lines": [], "start_line": 1}}, "classes": {"Dispatcher": {"executed_lines": [51, 52, 53, 54, 55, 58, 61, 71, 86, 89, 90, 91, 94, 97, 98, 101, 102, 109, 110, 112, 124, 125, 127, 128, 130, 133, 134, 137, 138, 139, 141, 142, 143, 145, 157, 159, 160, 161, 162, 165, 167, 168, 169, 170, 175, 179, 194, 195, 197, 199, 200, 202, 204, 226, 227, 230, 231, 235, 238, 240, 241, 242, 243, 244, 245, 246, 247, 248, 251, 252, 253, 256, 258, 260, 272, 292, 294, 295, 296, 297, 302, 303, 304, 309, 310, 311, 318, 336, 338, 350, 354, 358], "summary": {"covered_lines": 92, "num_statements": 100, "percent_covered": 92.0, "percent_covered_display": "92", "missing_lines": 8, "excluded_lines": 0, "percent_statements_covered": 92.0, "percent_statements_covered_display": "92"}, "missing_lines": [103, 104, 171, 172, 173, 198, 232, 316], "excluded_lines": [], "start_line": 31}, "": {"executed_lines": [12, 13, 14, 16, 17, 18, 25, 26, 27, 28, 31, 39, 63, 73, 114, 147, 177, 192, 215, 270, 284, 329, 348, 352, 356, 362, 365, 368, 369, 370, 373, 383], "summary": {"covered_lines": 32, "num_statements": 32, "percent_covered": 100.0, "percent_covered_display": "100", "missing_lines": 0, "excluded_lines": 0, "percent_statements_covered": 100.0, "percent_statements_covered_display": "100"}, "missing_lines": [], "excluded_lines": [], "start_line": 1}}}, "rege/routing/patchbay.py": {"executed_lines": [21, 22, 23, 24, 25, 26, 29, 40, 47, 48, 49, 50, 51, 52, 53, 54, 55, 57, 70, 71, 74, 76, 77, 80, 81, 84, 85, 87, 90, 91, 94, 95, 96, 98, 100, 107, 108, 110, 111, 112, 115, 116, 119, 120, 121, 125, 127, 134, 136, 138, 140, 142, 144, 151, 152, 154, 162, 165, 166, 167, 169, 170, 171, 175, 176, 178, 180, 189, 190, 191, 193, 195, 196, 197, 199, 210, 211, 212, 213, 215, 228, 230, 231, 232, 235, 238, 239, 240, 242, 243, 244, 246, 248, 258, 259, 260, 262, 274, 275, 278, 279, 282, 285, 286, 289, 296, 297, 299, 301, 307, 309, 311, 313, 315, 317, 324, 331, 332, 333, 334, 335, 336, 337, 339, 341, 354, 356, 358, 360, 362, 369, 370, 371, 372, 373, 375, 382, 384, 386, 390, 393, 396, 397, 398], "summary": {"covered_lines": 144, "num_statements": 150, "percent_covered": 96.0, "percent_covered_display": "96", "missing_lines": 6, "excluded_lines": 0, "percent_statements_covered": 96.0, "percent_statements_covered_display": "96"}, "missing_lines": [122, 123, 172, 173, 233, 234], "excluded_lines": [], "functions": {"PatchQueue.__init__": {"executed_lines": [47, 48, 49, 50, 51, 52, 53, 54, 55], "summary": {"covered_lines": 9, "num_statements": 9, "percent_covered": 100.0, "percent_covered_display": "100", "missing_lines": 0, "excluded_lines": 0, "percent_statements_covered": 100.0, "percent_statements_covered_display": "100"}, "missing_lines": [], "excluded_lines": [], "start_line": 40}, "PatchQueue.enqueue": {"executed_lines": [70, 71, 74, 76, 77, 80, 81, 84, 85, 87, 90, 91, 94, 95, 96, 98], "summary": {"covered_lines": 16, "num_statements": 16, "percent_covered": 100.0, "percent_covered_display": "100", "missing_lines": 0, "excluded_lines": 0, "percent_statements_covered": 100.0, "percent_statements_covered_display": "100"}, "missing_lines": [], "excluded_lines": [], "start_line": 57}, "PatchQueue.dequeue": {"executed_lines": [107, 108, 110, 111, 112, 115, 116, 119, 120, 121, 125], "summary": {"covered_lines": 11, "num_statements": 13, "percent_covered": 84.61538461538461, "percent_covered_display": "85", "missing_lines": 2, "excluded_lines": 0, "percent_statements_covered": 84.61538461538461, "percent_statements_covered_display": "85"}, "missing_lines": [122, 123], "excluded_lines": [], "start_line": 100}, "PatchQueue.peek_next": {"executed_lines": [134], "summary": {"covered_lines": 1, "num_statements": 1, "percent_covered": 100.0, "percent_covered_display": "100", "missing_lines": 0, "excluded_lines": 0, "percent_statements_covered": 100.0, "percent_statements_covered_display": "100"}, "missing_lines": [], "excluded_lines": [], "start_line": 127}, "PatchQueue.is_empty": {"executed_lines": [138], "summary": {"covered_lines": 1, "num_statements": 1, "percent_covered": 100.0, "percent_covered_display": "100", "missing_lines": 0, "excluded_lines": 0, "percent_statements_covered": 100.0, "percent_statements_covered_display": "100"}, "missing_lines": [], "excluded_lines": [], "start_line": 136}, "PatchQueue.size": {"executed_lines": [142], "summary": {"covered_lines": 1, "num_statements": 1, "percent_covered": 100.0, "percent_covered_display": "100", "missing_lines": 0, "excluded_lines": 0, "percent_statements_covered": 100.0, "percent_statements_covered_display": "100"}, "missing_lines": [], "excluded_lines": [], "start_line": 140}, "PatchQueue.complete_route": {"executed_lines": [151, 152], "summary": {"covered_lines": 2, "num_statements": 2, "percent_covered": 100.0, "percent_covered_display": "100", "missing_lines": 0, "excluded_lines": 0, "percent_statements_covered": 100.0, "percent_statements_covered_display": "100"}, "missing_lines": [], "excluded_lines": [], "start_line": 144}, "PatchQueue._make_room_for": {"executed_lines": [162, 165, 166, 167, 169, 170, 171, 175, 176, 178], "summary": {"covered_lines": 10, "num_statements": 12, "percent_covered": 83.33333333333333, "percent_covered_display": "83", "missing_lines": 2, "excluded_lines": 0, "percent_statements_covered": 83.33333333333333, "percent_statements_covered_display": "83"}, "missing_lines": [172, 173], "excluded_lines": [], "start_line": 154}, "PatchQueue._check_collision": {"executed_lines": [189, 190, 191], "summary": {"covered_lines": 3, "num_statements": 3, "percent_covered": 100.0, "percent_covered_display": "100", "missing_lines": 0, "excluded_lines": 0, "percent_statements_covered": 100.0, "percent_statements_covered_display": "100"}, "missing_lines": [], "excluded_lines": [], "start_line": 180}, "PatchQueue._handle_collision": {"executed_lines": [195, 196, 197], "summary": {"covered_lines": 3, "num_statements": 3, "percent_covered": 100.0, "percent_covered_display": "100", "missing_lines": 0, "excluded_lines": 0, "percent_statements_covered": 100.0, "percent_statements_covered_display": "100"}, "missing_lines": [], "excluded_lines": [], "start_line": 193}, "PatchQueue.detect_collision": {"executed_lines": [210, 211, 212, 213], "summary": {"covered_lines": 4, "num_statements": 4, "percent_covered": 100.0, "percent_covered_display": "100", "missing_lines": 0, "excluded_lines": 0, "percent_statements_covered": 100.0, "percent_statements_covered_display": "100"}, "missing_lines": [], "excluded_lines": [], "start_line": 199}, "PatchQueue.detect_deadlock": {"executed_lines": [228, 230, 231, 232, 235, 238, 239, 240, 242, 243, 244, 246], "summary": {"covered_lines": 12, "num_statements": 14, "percent_covered": 85.71428571428571, "percent_covered_display": "86", "missing_lines": 2, "excluded_lines": 0, "percent_statements_covered": 85.71428571428571, "percent_statements_covered_display": "86"}, "missing_lines": [233, 234], "excluded_lines": [], "start_line": 215}, "PatchQueue.detect_deadlock_or_raise": {"executed_lines": [258, 259, 260], "summary": {"covered_lines": 3, "num_statements": 3, "percent_covered": 100.0, "percent_covered_display": "100", "missing_lines": 0, "excluded_lines": 0, "percent_statements_covered": 100.0, "percent_statements_covered_display": "100"}, "missing_lines": [], "excluded_lines": [], "start_line": 248}, "PatchQueue.create_junction_node": {"executed_lines": [274, 275, 278, 279, 282, 285, 286, 289, 296, 297, 299], "summary": {"covered_lines": 11, "num_statements": 11, "percent_covered": 100.0, "percent_covered_display": "100", "missing_lines": 0, "excluded_lines": 0, "percent_statements_covered": 100.0, "percent_statements_covered_display": "100"}, "missing_lines": [], "excluded_lines": [], "start_line": 262}, "PatchQueue.enter_maintenance_mode": {"executed_lines": [307], "summary": {"covered_lines": 1, "num_statements": 1, "percent_covered": 100.0, "percent_covered_display": "100", "missing_lines": 0, "excluded_lines": 0, "percent_statements_covered": 100.0, "percent_statements_covered_display": "100"}, "missing_lines": [], "excluded_lines": [], "start_line": 301}, "PatchQueue.exit_maintenance_mode": {"executed_lines": [311], "summary": {"covered_lines": 1, "num_statements": 1, "percent_covered": 100.0, "percent_covered_display": "100", "missing_lines": 0, "excluded_lines": 0, "percent_statements_covered": 100.0, "percent_statements_covered_display": "100"}, "missing_lines": [], "excluded_lines": [], "start_line": 309}, "PatchQueue.is_in_maintenance": {"executed_lines": [315], "summary": {"covered_lines": 1, "num_statements": 1, "percent_covered": 100.0, "percent_covered_display": "100", "missing_lines": 0, "excluded_lines": 0, "percent_statements_covered": 100.0, "percent_statements_covered_display": "100"}, "missing_lines": [], "excluded_lines": [], "start_line": 313}, "PatchQueue.get_queue_state": {"executed_lines": [324, 331, 332, 333, 334, 335, 336, 337, 339, 341], "summary": {"covered_lines": 10, "num_statements": 10, "percent_covered": 100.0, "percent_covered_display": "100", "missing_lines": 0, "excluded_lines": 0, "percent_statements_covered": 100.0, "percent_statements_covered_display": "100"}, "missing_lines": [], "excluded_lines": [], "start_line": 317}, "PatchQueue.get_patches_by_priority": {"executed_lines": [356], "summary": {"covered_lines": 1, "num_statements": 1, "percent_covered": 100.0, "percent_covered_display": "100", "missing_lines": 0, "excluded_lines": 0, "percent_statements_covered": 100.0, "percent_statements_covered_display": "100"}, "missing_lines": [], "excluded_lines": [], "start_line": 354}, "PatchQueue.get_patches_by_output": {"executed_lines": [360], "summary": {"covered_lines": 1, "num_statements": 1, "percent_covered": 100.0, "percent_covered_display": "100", "missing_lines": 0, "excluded_lines": 0, "percent_statements_covered": 100.0, "percent_statements_covered_display": "100"}, "missing_lines": [], "excluded_lines": [], "start_line": 358}, "PatchQueue.clear": {"executed_lines": [369, 370, 371, 372, 373], "summary": {"covered_lines": 5, "num_statements": 5, "percent_covered": 100.0, "percent_covered_display": "100", "missing_lines": 0, "excluded_lines": 0, "percent_statements_covered": 100.0, "percent_statements_covered_display": "100"}, "missing_lines": [], "excluded_lines": [], "start_line": 362}, "PatchQueue.peek_all": {"executed_lines": [382], "summary": {"covered_lines": 1, "num_statements": 1, "percent_covered": 100.0, "percent_covered_display": "100", "missing_lines": 0, "excluded_lines": 0, "percent_statements_covered": 100.0, "percent_statements_covered_display": "100"}, "missing_lines": [], "excluded_lines": [], "start_line": 375}, "PatchQueue.to_list": {"executed_lines": [386], "summary": {"covered_lines": 1, "num_statements": 1, "percent_covered": 100.0, "percent_covered_display": "100", "missing_lines": 0, "excluded_lines": 0, "percent_statements_covered": 100.0, "percent_statements_covered_display": "100"}, "missing_lines": [], "excluded_lines": [], "start_line": 384}, "get_patchbay_queue": {"executed_lines": [396, 397, 398], "summary": {"covered_lines": 3, "num_statements": 3, "percent_covered": 100.0, "percent_covered_display": "100", "missing_lines": 0, "excluded_lines": 0, "percent_statements_covered": 100.0, "percent_statements_covered_display": "100"}, "missing_lines": [], "excluded_lines": [], "start_line": 393}, "": {"executed_lines": [21, 22, 23, 24, 25, 26, 29, 40, 57, 100, 127, 136, 140, 144, 154, 180, 193, 199, 215, 248, 262, 301, 309, 313, 317, 354, 358, 362, 375, 384, 390, 393], "summary": {"covered_lines": 32, "num_statements": 32, "percent_covered": 100.0, "percent_covered_display": "100", "missing_lines": 0, "excluded_lines": 0, "percent_statements_covered": 100.0, "percent_statements_covered_display": "100"}, "missing_lines": [], "excluded_lines": [], "start_line": 1}}, "classes": {"PatchQueue": {"executed_lines": [47, 48, 49, 50, 51, 52, 53, 54, 55, 70, 71, 74, 76, 77, 80, 81, 84, 85, 87, 90, 91, 94, 95, 96, 98, 107, 108, 110, 111, 112, 115, 116, 119, 120, 121, 125, 134, 138, 142, 151, 152, 162, 165, 166, 167, 169, 170, 171, 175, 176, 178, 189, 190, 191, 195, 196, 197, 210, 211, 212, 213, 228, 230, 231, 232, 235, 238, 239, 240, 242, 243, 244, 246, 258, 259, 260, 274, 275, 278, 279, 282, 285, 286, 289, 296, 297, 299, 307, 311, 315, 324, 331, 332, 333, 334, 335, 336, 337, 339, 341, 356, 360, 369, 370, 371, 372, 373, 382, 386], "summary": {"covered_lines": 109, "num_statements": 115, "percent_covered": 94.78260869565217, "percent_covered_display": "95", "missing_lines": 6, "excluded_lines": 0, "percent_statements_covered": 94.78260869565217, "percent_statements_covered_display": "95"}, "missing_lines": [122, 123, 172, 173, 233, 234], "excluded_lines": [], "start_line": 29}, "": {"executed_lines": [21, 22, 23, 24, 25, 26, 29, 40, 57, 100, 127, 136, 140, 144, 154, 180, 193, 199, 215, 248, 262, 301, 309, 313, 317, 354, 358, 362, 375, 384, 390, 393, 396, 397, 398], "summary": {"covered_lines": 35, "num_statements": 35, "percent_covered": 100.0, "percent_covered_display": "100", "missing_lines": 0, "excluded_lines": 0, "percent_statements_covered": 100.0, "percent_statements_covered_display": "100"}, "missing_lines": [], "excluded_lines": [], "start_line": 1}}}}, "totals": {"covered_lines": 6946, "num_statements": 8121, "percent_covered": 85.53133850511021, "percent_covered_display": "86", "missing_lines": 1175, "excluded_lines": 4, "percent_statements_covered": 85.53133850511021, "percent_statements_covered_display": "86"}}